<?xml version="1.0" encoding="UTF-8"?>
<testsuite name="uk.ac.cardiff.phoenix.ilm.DatabaseTests" tests="3" skipped="0" failures="0" errors="0" timestamp="2024-01-22T21:21:06" hostname="DSA10F60A8A6F79" time="17.984">
  <properties/>
  <testcase name="testSqlInjectionFails()" classname="uk.ac.cardiff.phoenix.ilm.DatabaseTests" time="1.814"/>
  <testcase name="testSqlInjectionFails2()" classname="uk.ac.cardiff.phoenix.ilm.DatabaseTests" time="1.67"/>
  <testcase name="testSqlInjectionFails3()" classname="uk.ac.cardiff.phoenix.ilm.DatabaseTests" time="1.76"/>
  <system-out><![CDATA[2024-01-22T21:20:59.082Z  INFO 10856 --- [    Test worker] t.c.s.AnnotationConfigContextLoaderUtils : Could not detect default configuration classes for test class [uk.ac.cardiff.phoenix.ilm.DatabaseTests]: DatabaseTests does not declare any static, non-private, non-final, nested classes annotated with @Configuration.
2024-01-22T21:20:59.085Z  INFO 10856 --- [    Test worker] .b.t.c.SpringBootTestContextBootstrapper : Found @SpringBootConfiguration uk.ac.cardiff.phoenix.ilm.IlmApplication for test class uk.ac.cardiff.phoenix.ilm.DatabaseTests

  .   ____          _            __ _ _
 /\\ / ___'_ __ _ _(_)_ __  __ _ \ \ \ \
( ( )\___ | '_ | '_| | '_ \/ _` | \ \ \ \
 \\/  ___)| |_)| | | | | || (_| |  ) ) ) )
  '  |____| .__|_| |_|_| |_\__, | / / / /
 =========|_|==============|___/=/_/_/_/
 :: Spring Boot ::                (v3.1.5)

2024-01-22T21:20:59.121Z  INFO 10856 --- [    Test worker] u.ac.cardiff.phoenix.ilm.DatabaseTests   : Starting DatabaseTests using Java 17.0.6 with PID 10856 (started by c22123521 in C:\Users\c22123521\Projects\year-2-team-phoenix-22123521)
2024-01-22T21:20:59.122Z DEBUG 10856 --- [    Test worker] u.ac.cardiff.phoenix.ilm.DatabaseTests   : Running with Spring Boot v3.1.5, Spring v6.0.13
2024-01-22T21:20:59.122Z  INFO 10856 --- [    Test worker] u.ac.cardiff.phoenix.ilm.DatabaseTests   : The following 1 profile is active: "dev"
2024-01-22T21:20:59.573Z  INFO 10856 --- [    Test worker] .s.d.r.c.RepositoryConfigurationDelegate : Bootstrapping Spring Data JPA repositories in DEFAULT mode.
2024-01-22T21:20:59.683Z  INFO 10856 --- [    Test worker] .s.d.r.c.RepositoryConfigurationDelegate : Finished Spring Data repository scanning in 108 ms. Found 9 JPA repository interfaces.
2024-01-22T21:20:59.827Z  INFO 10856 --- [    Test worker] o.hibernate.jpa.internal.util.LogHelper  : HHH000204: Processing PersistenceUnitInfo [name: default]
2024-01-22T21:20:59.854Z  INFO 10856 --- [    Test worker] o.h.e.boot.internal.EnversServiceImpl    : Envers integration enabled? : true
2024-01-22T21:20:59.859Z  INFO 10856 --- [    Test worker] o.s.o.j.p.SpringPersistenceUnitInfo      : No LoadTimeWeaver setup: ignoring JPA class transformer
2024-01-22T21:20:59.863Z  INFO 10856 --- [    Test worker] com.zaxxer.hikari.HikariDataSource       : HikariPool-1 - Starting...
2024-01-22T21:21:00.038Z  INFO 10856 --- [    Test worker] com.zaxxer.hikari.pool.HikariPool        : HikariPool-1 - Added connection org.mariadb.jdbc.Connection@7f6cf9b2
2024-01-22T21:21:00.041Z  INFO 10856 --- [    Test worker] com.zaxxer.hikari.HikariDataSource       : HikariPool-1 - Start completed.
2024-01-22T21:21:00.092Z  INFO 10856 --- [    Test worker] o.h.e.c.i.m.AuditMetadataGenerator       : Adding properties for entity: uk.ac.cardiff.phoenix.ilm.users.model.UserRole
2024-01-22T21:21:00.093Z  INFO 10856 --- [    Test worker] o.h.e.c.i.m.AuditMetadataGenerator       : Adding properties for entity: uk.ac.cardiff.phoenix.ilm.programs.model.Workshop
2024-01-22T21:21:00.093Z  INFO 10856 --- [    Test worker] o.h.e.c.i.m.AuditMetadataGenerator       : Adding properties for entity: uk.ac.cardiff.phoenix.ilm.programs.model.Homework
2024-01-22T21:21:00.093Z  INFO 10856 --- [    Test worker] o.h.e.c.i.m.AuditMetadataGenerator       : Adding properties for entity: uk.ac.cardiff.phoenix.ilm.users.model.User
2024-01-22T21:21:00.093Z  INFO 10856 --- [    Test worker] o.h.e.c.i.m.AuditMetadataGenerator       : Adding properties for entity: uk.ac.cardiff.phoenix.ilm.programs.model.Level
2024-01-22T21:21:00.093Z  INFO 10856 --- [    Test worker] o.h.e.c.i.m.AuditMetadataGenerator       : Adding properties for entity: uk.ac.cardiff.phoenix.ilm.model.UploadedFile
2024-01-22T21:21:00.094Z  INFO 10856 --- [    Test worker] o.h.e.c.i.m.AuditMetadataGenerator       : Adding properties for entity: uk.ac.cardiff.phoenix.ilm.model.Candidate
2024-01-22T21:21:00.094Z  INFO 10856 --- [    Test worker] o.h.e.c.i.m.AuditMetadataGenerator       : Adding properties for entity: uk.ac.cardiff.phoenix.ilm.programs.model.Event
2024-01-22T21:21:00.094Z  INFO 10856 --- [    Test worker] o.h.e.c.i.m.AuditMetadataGenerator       : Adding properties for entity: uk.ac.cardiff.phoenix.ilm.users.model.RolePermission
2024-01-22T21:21:00.277Z  INFO 10856 --- [    Test worker] o.h.e.t.j.p.i.JtaPlatformInitiator       : HHH000489: No JTA platform available (set 'hibernate.transaction.jta.platform' to enable JTA platform integration)
2024-01-22T21:21:03.819Z  INFO 10856 --- [    Test worker] j.LocalContainerEntityManagerFactoryBean : Initialized JPA EntityManagerFactory for persistence unit 'default'
2024-01-22T21:21:03.981Z  INFO 10856 --- [    Test worker] u.a.c.p.i.u.s.RolePermissionServiceImpl  : Access DENIED handler invoked
2024-01-22T21:21:03.994Z  WARN 10856 --- [    Test worker] JpaBaseConfiguration$JpaWebConfiguration : spring.jpa.open-in-view is enabled by default. Therefore, database queries may be performed during view rendering. Explicitly configure spring.jpa.open-in-view to disable this warning
2024-01-22T21:21:04.007Z  INFO 10856 --- [    Test worker] o.s.s.web.DefaultSecurityFilterChain     : Will secure any request with [org.springframework.security.web.session.DisableEncodeUrlFilter@7e8a0192, org.springframework.security.web.context.request.async.WebAsyncManagerIntegrationFilter@61736817, org.springframework.security.web.context.SecurityContextHolderFilter@2e4c4373, org.springframework.security.web.header.HeaderWriterFilter@1de36da2, org.springframework.security.web.csrf.CsrfFilter@1261fd82, org.springframework.security.web.authentication.logout.LogoutFilter@70efd6cf, org.springframework.security.web.authentication.UsernamePasswordAuthenticationFilter@7ea2ce9d, org.springframework.security.web.savedrequest.RequestCacheAwareFilter@33dc36d5, org.springframework.security.web.servletapi.SecurityContextHolderAwareRequestFilter@3afca969, org.springframework.security.web.authentication.AnonymousAuthenticationFilter@194ef183, org.springframework.security.web.access.ExceptionTranslationFilter@5dea9867, org.springframework.security.web.access.intercept.FilterSecurityInterceptor@48c6107a]
2024-01-22T21:21:04.132Z  INFO 10856 --- [    Test worker] u.ac.cardiff.phoenix.ilm.DatabaseTests   : Started DatabaseTests in 5.039 seconds (process running for 20.011)
2024-01-22T21:21:04.793Z  WARN 10856 --- [    Test worker] u.a.c.phoenix.ilm.security.PasswordUtil  : Hashing took 542mscomplexity is too low
User(id=1, firstName=John, lastName=Tutor, email=john.tutor@example.com, roles=[UserRole(id=1, role=TUTOR, permissions=[RolePermission(id=1, permission=SCHEDULE_WORKSHOP), RolePermission(id=2, permission=CONFIRM_ATTENDANCE)])], passwordHash=b7ccdf28ab32a4d987656aaa69ca8ebc8f052133587b104d354408ba9ebc83bcda0dc66a291151203aab01e21c345939ca930eb4e6561444e0a0b67d99a30a5b96b6a6cca16c322332fa0082a648d7f3, salt=b7ccdf28ab32a4d987656aaa69ca8ebc)
2024-01-22T21:21:05.523Z  WARN 10856 --- [    Test worker] u.a.c.phoenix.ilm.security.PasswordUtil  : Hashing took 617mscomplexity is too low
User(id=2, firstName=Dan, lastName=Admin, email=admin@example.com, roles=[UserRole(id=2, role=ADMIN, permissions=[RolePermission(id=4, permission=ADMIN_UPLOAD), RolePermission(id=3, permission=ADMIN)])], passwordHash=f6611510e6af64ffe656803269c88a6968f0e28f90db0d7cb2f1cdaddb893e25399fa82b724f5866c42d36b82ae55b5974c1574b68bea724a8ca5e44dabdde5c0919713eebe47c24399691139223afec, salt=f6611510e6af64ffe656803269c88a69)
2024-01-22T21:21:06.221Z  WARN 10856 --- [    Test worker] u.a.c.phoenix.ilm.security.PasswordUtil  : Hashing took 640mscomplexity is too low
User(id=3, firstName=John, lastName=SU, email=su@su.com, roles=[UserRole(id=3, role=SU, permissions=[RolePermission(id=5, permission=SU)])], passwordHash=a1f2d5af3277d05f35f88c36ce75eb582e69c8f3730f7a348d3cca3e3acb7b248a07765253f9a66e57acfce8b0c10cb75bcf247e15d4e7e637f00a31c824715a0849752b370093eb0455c066e2f11fa4, salt=a1f2d5af3277d05f35f88c36ce75eb58)
2024-01-22T21:21:06.291Z  INFO 10856 --- [    Test worker] u.a.c.p.i.p.s.LevelsServiceImpl          : Level SAVED. Level: Level 3
2024-01-22T21:21:06.299Z  INFO 10856 --- [    Test worker] u.a.c.p.i.p.s.LevelsServiceImpl          : Level SAVED. Level: Level 5
Added Levels
2024-01-22T21:21:06.300Z  INFO 10856 --- [    Test worker] u.a.c.p.i.p.s.LevelsServiceImpl          : Level SEARCH. Level number: 3
2024-01-22T21:21:06.315Z  INFO 10856 --- [    Test worker] u.a.c.p.i.p.s.LevelsServiceImpl          : Level SEARCH. Level number: 5
2024-01-22T21:21:06.339Z  INFO 10856 --- [    Test worker] u.a.c.p.i.p.s.WorkshopsServiceImpl       : ADD Workshop SUCCESS. Workshop: Understanding Leadership
2024-01-22T21:21:06.347Z  INFO 10856 --- [    Test worker] u.a.c.p.i.p.s.WorkshopsServiceImpl       : ADD Workshop SUCCESS. Workshop: Building Effective Teams
2024-01-22T21:21:06.357Z  INFO 10856 --- [    Test worker] u.a.c.p.i.p.s.WorkshopsServiceImpl       : ADD Workshop SUCCESS. Workshop: Understanding Stress Management
2024-01-22T21:21:06.365Z  INFO 10856 --- [    Test worker] u.a.c.p.i.p.s.WorkshopsServiceImpl       : ADD Workshop SUCCESS. Workshop: Planning Change in the Workplace
2024-01-22T21:21:06.375Z  INFO 10856 --- [    Test worker] u.a.c.p.i.p.s.WorkshopsServiceImpl       : ADD Workshop SUCCESS. Workshop: Solving Problems & Making Decisions
2024-01-22T21:21:06.383Z  INFO 10856 --- [    Test worker] u.a.c.p.i.p.s.WorkshopsServiceImpl       : ADD Workshop SUCCESS. Workshop: Managing Workplace Projects
2024-01-22T21:21:06.391Z  INFO 10856 --- [    Test worker] u.a.c.p.i.p.s.WorkshopsServiceImpl       : ADD Workshop SUCCESS. Workshop: Becoming an Effective Leader 
2024-01-22T21:21:06.399Z  INFO 10856 --- [    Test worker] u.a.c.p.i.p.s.WorkshopsServiceImpl       : ADD Workshop SUCCESS. Workshop: Leading Innovation & Change
2024-01-22T21:21:06.406Z  INFO 10856 --- [    Test worker] u.a.c.p.i.p.s.WorkshopsServiceImpl       : ADD Workshop SUCCESS. Workshop: Understanding Organisational Culture
2024-01-22T21:21:06.414Z  INFO 10856 --- [    Test worker] u.a.c.p.i.p.s.WorkshopsServiceImpl       : ADD Workshop SUCCESS. Workshop: Managing Stress & Conflict
Added Workshops
2024-01-22T21:21:06.424Z  INFO 10856 --- [    Test worker] u.a.c.p.i.s.CandidateServiceImpl         : New Candidate SAVED. Email: johnwick@aol.com
2024-01-22T21:21:06.438Z  INFO 10856 --- [    Test worker] u.a.c.p.i.s.CandidateServiceImpl         : New Candidate SAVED. Email: test1@aol.com
2024-01-22T21:21:06.447Z  INFO 10856 --- [    Test worker] u.a.c.p.i.s.CandidateServiceImpl         : New Candidate SAVED. Email: test2@aol.com
2024-01-22T21:21:06.457Z  INFO 10856 --- [    Test worker] u.a.c.p.i.s.CandidateServiceImpl         : New Candidate SAVED. Email: danieldavis@aol.com
2024-01-22T21:21:06.471Z  INFO 10856 --- [    Test worker] u.a.c.p.i.s.CandidateServiceImpl         : New Candidate SAVED. Email: emilyevans@aol.com
2024-01-22T21:21:06.482Z  INFO 10856 --- [    Test worker] u.a.c.p.i.s.CandidateServiceImpl         : New Candidate SAVED. Email: frankfoster@aol.com
2024-01-22T21:21:06.491Z  INFO 10856 --- [    Test worker] u.a.c.p.i.s.CandidateServiceImpl         : New Candidate SAVED. Email: gracegarrett@aol.com
2024-01-22T21:21:06.505Z  INFO 10856 --- [    Test worker] u.a.c.p.i.s.CandidateServiceImpl         : New Candidate SAVED. Email: henryharrison@aol.com
2024-01-22T21:21:06.522Z  INFO 10856 --- [    Test worker] u.a.c.p.i.s.CandidateServiceImpl         : New Candidate SAVED. Email: isabellaisles@aol.com
2024-01-22T21:21:06.534Z  INFO 10856 --- [    Test worker] u.a.c.p.i.s.CandidateServiceImpl         : New Candidate SAVED. Email: jamesjohnson@aol.com
2024-01-22T21:21:06.542Z  INFO 10856 --- [    Test worker] u.a.c.p.i.s.CandidateServiceImpl         : New Candidate SAVED. Email: katiekenny@aol.com
2024-01-22T21:21:06.551Z  INFO 10856 --- [    Test worker] u.a.c.p.i.s.CandidateServiceImpl         : New Candidate SAVED. Email: lauralewis@aol.com
2024-01-22T21:21:06.560Z  INFO 10856 --- [    Test worker] u.a.c.p.i.s.CandidateServiceImpl         : New Candidate SAVED. Email: michaelmoore@aol.com
2024-01-22T21:21:06.568Z  INFO 10856 --- [    Test worker] u.a.c.p.i.s.CandidateServiceImpl         : New Candidate SAVED. Email: natalienelson@test.com
2024-01-22T21:21:06.577Z  INFO 10856 --- [    Test worker] u.a.c.p.i.s.CandidateServiceImpl         : New Candidate SAVED. Email: peterpark@aol.com
2024-01-22T21:21:06.586Z  INFO 10856 --- [    Test worker] u.a.c.p.i.s.CandidateServiceImpl         : New Candidate SAVED. Email: robertrussell@aol.com
2024-01-22T21:21:06.595Z  INFO 10856 --- [    Test worker] u.a.c.p.i.s.CandidateServiceImpl         : New Candidate SAVED. Email: sarahsmith@aol.com
2024-01-22T21:21:06.607Z  INFO 10856 --- [    Test worker] u.a.c.p.i.s.CandidateServiceImpl         : New Candidate SAVED. Email: thomasthompson@aol.com
2024-01-22T21:21:06.620Z  INFO 10856 --- [    Test worker] u.a.c.p.i.s.CandidateServiceImpl         : New Candidate SAVED. Email: victoriarwalker@aol.com
2024-01-22T21:21:06.630Z  INFO 10856 --- [    Test worker] u.a.c.p.i.s.CandidateServiceImpl         : New Candidate SAVED. Email: williamwilson@aol.com
2024-01-22T21:21:06.642Z  INFO 10856 --- [    Test worker] u.a.c.p.i.s.CandidateServiceImpl         : New Candidate SAVED. Email: xavierxavier@aol.com
2024-01-22T21:21:06.655Z  INFO 10856 --- [    Test worker] u.a.c.p.i.s.CandidateServiceImpl         : New Candidate SAVED. Email: yasminyoung@aol.com
2024-01-22T21:21:06.668Z  INFO 10856 --- [    Test worker] u.a.c.p.i.s.CandidateServiceImpl         : New Candidate SAVED. Email: zachariahzimmerman@aol.com
2024-01-22T21:21:06.680Z  INFO 10856 --- [    Test worker] u.a.c.p.i.s.CandidateServiceImpl         : New Candidate SAVED. Email: amandaanderson@test.com
2024-01-22T21:21:06.689Z  INFO 10856 --- [    Test worker] u.a.c.p.i.s.CandidateServiceImpl         : New Candidate SAVED. Email: brandonbrown@admiralgroup.co.uk
2024-01-22T21:21:06.698Z  INFO 10856 --- [    Test worker] u.a.c.p.i.s.CandidateServiceImpl         : New Candidate SAVED. Email: catherineclark@admiralgroup.co.uk
2024-01-22T21:21:06.708Z  INFO 10856 --- [    Test worker] u.a.c.p.i.s.CandidateServiceImpl         : New Candidate SAVED. Email: daviddavis@test.com
2024-01-22T21:21:06.715Z  INFO 10856 --- [    Test worker] u.a.c.p.i.s.CandidateServiceImpl         : New Candidate SAVED. Email: emilyevans@test.com
2024-01-22T21:21:06.725Z  INFO 10856 --- [    Test worker] u.a.c.p.i.s.CandidateServiceImpl         : New Candidate SAVED. Email: frankfoster@test.com
2024-01-22T21:21:06.733Z  INFO 10856 --- [    Test worker] u.a.c.p.i.s.CandidateServiceImpl         : New Candidate SAVED. Email: gracegarrett@test.com
2024-01-22T21:21:06.743Z  INFO 10856 --- [    Test worker] u.a.c.p.i.s.CandidateServiceImpl         : New Candidate SAVED. Email: henryharrison@test.com
2024-01-22T21:21:06.755Z  INFO 10856 --- [    Test worker] u.a.c.p.i.s.CandidateServiceImpl         : New Candidate SAVED. Email: isabellaives@test.com
2024-01-22T21:21:06.772Z  INFO 10856 --- [    Test worker] u.a.c.p.i.s.CandidateServiceImpl         : New Candidate SAVED. Email: jamesjohnson@test.com
Candidate{id=1, firstName='John', lastName='Wick', dateOfBirth=1970-01-01, payrollNumber=123456, department='IT', role='Security', registrationDate=2023-12-01, registrationNumber=123456, email='johnwick@aol.com', level=null}
Candidate{id=2, firstName='One', lastName='One0', dateOfBirth=1970-01-01, payrollNumber=234567, department='Claims', role='QA Engineer', registrationDate=2023-12-01, registrationNumber=234567, email='test1@aol.com', level=null}
Candidate{id=3, firstName='Two', lastName='Two0', dateOfBirth=1970-01-01, payrollNumber=345678, department='IT', role='QA', registrationDate=2023-12-01, registrationNumber=null, email='test2@aol.com', level=null}
2024-01-22T21:21:06.824Z  INFO 10856 --- [    Test worker] u.a.c.p.i.s.CandidateServiceImpl         : New Candidate SAVED. Email: BadActor@gmail.com
2024-01-22T21:21:06.832Z  INFO 10856 --- [    Test worker] u.a.c.p.i.s.CandidateServiceImpl         : Candidate search SUCCESS. Email: BadActor@gmail.com
2024-01-22T21:21:06.837Z  INFO 10856 --- [    Test worker] j.LocalContainerEntityManagerFactoryBean : Closing JPA EntityManagerFactory for persistence unit 'default'
2024-01-22T21:21:08.624Z  INFO 10856 --- [    Test worker] com.zaxxer.hikari.HikariDataSource       : HikariPool-1 - Shutdown initiated...
2024-01-22T21:21:08.631Z  INFO 10856 --- [    Test worker] com.zaxxer.hikari.HikariDataSource       : HikariPool-1 - Shutdown completed.

  .   ____          _            __ _ _
 /\\ / ___'_ __ _ _(_)_ __  __ _ \ \ \ \
( ( )\___ | '_ | '_| | '_ \/ _` | \ \ \ \
 \\/  ___)| |_)| | | | | || (_| |  ) ) ) )
  '  |____| .__|_| |_|_| |_\__, | / / / /
 =========|_|==============|___/=/_/_/_/
 :: Spring Boot ::                (v3.1.5)

2024-01-22T21:21:08.688Z  INFO 10856 --- [    Test worker] u.ac.cardiff.phoenix.ilm.DatabaseTests   : Starting DatabaseTests using Java 17.0.6 with PID 10856 (started by c22123521 in C:\Users\c22123521\Projects\year-2-team-phoenix-22123521)
2024-01-22T21:21:08.688Z DEBUG 10856 --- [    Test worker] u.ac.cardiff.phoenix.ilm.DatabaseTests   : Running with Spring Boot v3.1.5, Spring v6.0.13
2024-01-22T21:21:08.688Z  INFO 10856 --- [    Test worker] u.ac.cardiff.phoenix.ilm.DatabaseTests   : The following 1 profile is active: "dev"
2024-01-22T21:21:09.005Z  INFO 10856 --- [    Test worker] .s.d.r.c.RepositoryConfigurationDelegate : Bootstrapping Spring Data JPA repositories in DEFAULT mode.
2024-01-22T21:21:09.074Z  INFO 10856 --- [    Test worker] .s.d.r.c.RepositoryConfigurationDelegate : Finished Spring Data repository scanning in 70 ms. Found 9 JPA repository interfaces.
2024-01-22T21:21:09.148Z  INFO 10856 --- [    Test worker] o.hibernate.jpa.internal.util.LogHelper  : HHH000204: Processing PersistenceUnitInfo [name: default]
2024-01-22T21:21:09.161Z  INFO 10856 --- [    Test worker] o.h.e.boot.internal.EnversServiceImpl    : Envers integration enabled? : true
2024-01-22T21:21:09.165Z  INFO 10856 --- [    Test worker] o.s.o.j.p.SpringPersistenceUnitInfo      : No LoadTimeWeaver setup: ignoring JPA class transformer
2024-01-22T21:21:09.167Z  INFO 10856 --- [    Test worker] com.zaxxer.hikari.HikariDataSource       : HikariPool-2 - Starting...
2024-01-22T21:21:09.174Z  INFO 10856 --- [    Test worker] com.zaxxer.hikari.pool.HikariPool        : HikariPool-2 - Added connection org.mariadb.jdbc.Connection@72464f26
2024-01-22T21:21:09.175Z  INFO 10856 --- [    Test worker] com.zaxxer.hikari.HikariDataSource       : HikariPool-2 - Start completed.
2024-01-22T21:21:09.210Z  INFO 10856 --- [    Test worker] o.h.e.c.i.m.AuditMetadataGenerator       : Adding properties for entity: uk.ac.cardiff.phoenix.ilm.users.model.UserRole
2024-01-22T21:21:09.210Z  INFO 10856 --- [    Test worker] o.h.e.c.i.m.AuditMetadataGenerator       : Adding properties for entity: uk.ac.cardiff.phoenix.ilm.programs.model.Workshop
2024-01-22T21:21:09.210Z  INFO 10856 --- [    Test worker] o.h.e.c.i.m.AuditMetadataGenerator       : Adding properties for entity: uk.ac.cardiff.phoenix.ilm.programs.model.Homework
2024-01-22T21:21:09.210Z  INFO 10856 --- [    Test worker] o.h.e.c.i.m.AuditMetadataGenerator       : Adding properties for entity: uk.ac.cardiff.phoenix.ilm.users.model.User
2024-01-22T21:21:09.210Z  INFO 10856 --- [    Test worker] o.h.e.c.i.m.AuditMetadataGenerator       : Adding properties for entity: uk.ac.cardiff.phoenix.ilm.programs.model.Level
2024-01-22T21:21:09.211Z  INFO 10856 --- [    Test worker] o.h.e.c.i.m.AuditMetadataGenerator       : Adding properties for entity: uk.ac.cardiff.phoenix.ilm.model.UploadedFile
2024-01-22T21:21:09.211Z  INFO 10856 --- [    Test worker] o.h.e.c.i.m.AuditMetadataGenerator       : Adding properties for entity: uk.ac.cardiff.phoenix.ilm.model.Candidate
2024-01-22T21:21:09.211Z  INFO 10856 --- [    Test worker] o.h.e.c.i.m.AuditMetadataGenerator       : Adding properties for entity: uk.ac.cardiff.phoenix.ilm.programs.model.Event
2024-01-22T21:21:09.211Z  INFO 10856 --- [    Test worker] o.h.e.c.i.m.AuditMetadataGenerator       : Adding properties for entity: uk.ac.cardiff.phoenix.ilm.users.model.RolePermission
2024-01-22T21:21:09.318Z  INFO 10856 --- [    Test worker] o.h.e.t.j.p.i.JtaPlatformInitiator       : HHH000489: No JTA platform available (set 'hibernate.transaction.jta.platform' to enable JTA platform integration)
2024-01-22T21:21:11.900Z  INFO 10856 --- [    Test worker] j.LocalContainerEntityManagerFactoryBean : Initialized JPA EntityManagerFactory for persistence unit 'default'
2024-01-22T21:21:12.034Z  INFO 10856 --- [    Test worker] u.a.c.p.i.u.s.RolePermissionServiceImpl  : Access DENIED handler invoked
2024-01-22T21:21:12.048Z  WARN 10856 --- [    Test worker] JpaBaseConfiguration$JpaWebConfiguration : spring.jpa.open-in-view is enabled by default. Therefore, database queries may be performed during view rendering. Explicitly configure spring.jpa.open-in-view to disable this warning
2024-01-22T21:21:12.054Z  INFO 10856 --- [    Test worker] o.s.s.web.DefaultSecurityFilterChain     : Will secure any request with [org.springframework.security.web.session.DisableEncodeUrlFilter@6ddba5, org.springframework.security.web.context.request.async.WebAsyncManagerIntegrationFilter@4446b235, org.springframework.security.web.context.SecurityContextHolderFilter@6eb61a31, org.springframework.security.web.header.HeaderWriterFilter@61466b5f, org.springframework.security.web.csrf.CsrfFilter@449ca6b6, org.springframework.security.web.authentication.logout.LogoutFilter@30dc14e4, org.springframework.security.web.authentication.UsernamePasswordAuthenticationFilter@fd51fb3, org.springframework.security.web.savedrequest.RequestCacheAwareFilter@4fbea847, org.springframework.security.web.servletapi.SecurityContextHolderAwareRequestFilter@3cab74d2, org.springframework.security.web.authentication.AnonymousAuthenticationFilter@70366fb5, org.springframework.security.web.access.ExceptionTranslationFilter@12bc2b41, org.springframework.security.web.access.intercept.FilterSecurityInterceptor@568c4909]
2024-01-22T21:21:12.170Z  INFO 10856 --- [    Test worker] u.ac.cardiff.phoenix.ilm.DatabaseTests   : Started DatabaseTests in 3.532 seconds (process running for 28.049)
2024-01-22T21:21:13.014Z  WARN 10856 --- [    Test worker] u.a.c.phoenix.ilm.security.PasswordUtil  : Hashing took 736mscomplexity is too low
User(id=1, firstName=John, lastName=Tutor, email=john.tutor@example.com, roles=[UserRole(id=1, role=TUTOR, permissions=[RolePermission(id=1, permission=SCHEDULE_WORKSHOP), RolePermission(id=2, permission=CONFIRM_ATTENDANCE)])], passwordHash=edb4a0e4f78767a0f21fd032349422202fdcd965cc18a909dbaa610af473072610361369a068be0de9f83533b155a8c205294a27dd6be7e64d4c77dba939e15078af89612bd8a9a76e427b587598084b, salt=edb4a0e4f78767a0f21fd03234942220)
2024-01-22T21:21:13.721Z  WARN 10856 --- [    Test worker] u.a.c.phoenix.ilm.security.PasswordUtil  : Hashing took 639mscomplexity is too low
User(id=2, firstName=Dan, lastName=Admin, email=admin@example.com, roles=[UserRole(id=2, role=ADMIN, permissions=[RolePermission(id=4, permission=ADMIN_UPLOAD), RolePermission(id=3, permission=ADMIN)])], passwordHash=0240c41e016e800f256bc83a9b9425c3c64edf9defa1f385035760658ced554aa0558ed16806cbacc9ae1862e04d824abe3ed620dbfb7b9a89ac0026bd0b4dc036c041dcb1959cb3d3cd93c3bdc8ffd0, salt=0240c41e016e800f256bc83a9b9425c3)
2024-01-22T21:21:14.424Z  WARN 10856 --- [    Test worker] u.a.c.phoenix.ilm.security.PasswordUtil  : Hashing took 642mscomplexity is too low
User(id=3, firstName=John, lastName=SU, email=su@su.com, roles=[UserRole(id=3, role=SU, permissions=[RolePermission(id=5, permission=SU)])], passwordHash=da8687b6a025a177c5222b6c273d20d89cdf0c262bfcc996422329133d422c6816d8bd5248e86f6f31c2798daa30ed96b4e9e198044b19a4a3a7046dedc3b32baf664c6187b4ae02795b9eaa33791aa8, salt=da8687b6a025a177c5222b6c273d20d8)
2024-01-22T21:21:14.492Z  INFO 10856 --- [    Test worker] u.a.c.p.i.p.s.LevelsServiceImpl          : Level SAVED. Level: Level 3
2024-01-22T21:21:14.498Z  INFO 10856 --- [    Test worker] u.a.c.p.i.p.s.LevelsServiceImpl          : Level SAVED. Level: Level 5
Added Levels
2024-01-22T21:21:14.498Z  INFO 10856 --- [    Test worker] u.a.c.p.i.p.s.LevelsServiceImpl          : Level SEARCH. Level number: 3
2024-01-22T21:21:14.507Z  INFO 10856 --- [    Test worker] u.a.c.p.i.p.s.LevelsServiceImpl          : Level SEARCH. Level number: 5
2024-01-22T21:21:14.530Z  INFO 10856 --- [    Test worker] u.a.c.p.i.p.s.WorkshopsServiceImpl       : ADD Workshop SUCCESS. Workshop: Understanding Leadership
2024-01-22T21:21:14.539Z  INFO 10856 --- [    Test worker] u.a.c.p.i.p.s.WorkshopsServiceImpl       : ADD Workshop SUCCESS. Workshop: Building Effective Teams
2024-01-22T21:21:14.549Z  INFO 10856 --- [    Test worker] u.a.c.p.i.p.s.WorkshopsServiceImpl       : ADD Workshop SUCCESS. Workshop: Understanding Stress Management
2024-01-22T21:21:14.555Z  INFO 10856 --- [    Test worker] u.a.c.p.i.p.s.WorkshopsServiceImpl       : ADD Workshop SUCCESS. Workshop: Planning Change in the Workplace
2024-01-22T21:21:14.563Z  INFO 10856 --- [    Test worker] u.a.c.p.i.p.s.WorkshopsServiceImpl       : ADD Workshop SUCCESS. Workshop: Solving Problems & Making Decisions
2024-01-22T21:21:14.569Z  INFO 10856 --- [    Test worker] u.a.c.p.i.p.s.WorkshopsServiceImpl       : ADD Workshop SUCCESS. Workshop: Managing Workplace Projects
2024-01-22T21:21:14.576Z  INFO 10856 --- [    Test worker] u.a.c.p.i.p.s.WorkshopsServiceImpl       : ADD Workshop SUCCESS. Workshop: Becoming an Effective Leader 
2024-01-22T21:21:14.585Z  INFO 10856 --- [    Test worker] u.a.c.p.i.p.s.WorkshopsServiceImpl       : ADD Workshop SUCCESS. Workshop: Leading Innovation & Change
2024-01-22T21:21:14.592Z  INFO 10856 --- [    Test worker] u.a.c.p.i.p.s.WorkshopsServiceImpl       : ADD Workshop SUCCESS. Workshop: Understanding Organisational Culture
2024-01-22T21:21:14.603Z  INFO 10856 --- [    Test worker] u.a.c.p.i.p.s.WorkshopsServiceImpl       : ADD Workshop SUCCESS. Workshop: Managing Stress & Conflict
Added Workshops
2024-01-22T21:21:14.612Z  INFO 10856 --- [    Test worker] u.a.c.p.i.s.CandidateServiceImpl         : New Candidate SAVED. Email: johnwick@aol.com
2024-01-22T21:21:14.633Z  INFO 10856 --- [    Test worker] u.a.c.p.i.s.CandidateServiceImpl         : New Candidate SAVED. Email: test1@aol.com
2024-01-22T21:21:14.643Z  INFO 10856 --- [    Test worker] u.a.c.p.i.s.CandidateServiceImpl         : New Candidate SAVED. Email: test2@aol.com
2024-01-22T21:21:14.656Z  INFO 10856 --- [    Test worker] u.a.c.p.i.s.CandidateServiceImpl         : New Candidate SAVED. Email: danieldavis@aol.com
2024-01-22T21:21:14.665Z  INFO 10856 --- [    Test worker] u.a.c.p.i.s.CandidateServiceImpl         : New Candidate SAVED. Email: emilyevans@aol.com
2024-01-22T21:21:14.673Z  INFO 10856 --- [    Test worker] u.a.c.p.i.s.CandidateServiceImpl         : New Candidate SAVED. Email: frankfoster@aol.com
2024-01-22T21:21:14.682Z  INFO 10856 --- [    Test worker] u.a.c.p.i.s.CandidateServiceImpl         : New Candidate SAVED. Email: gracegarrett@aol.com
2024-01-22T21:21:14.693Z  INFO 10856 --- [    Test worker] u.a.c.p.i.s.CandidateServiceImpl         : New Candidate SAVED. Email: henryharrison@aol.com
2024-01-22T21:21:14.707Z  INFO 10856 --- [    Test worker] u.a.c.p.i.s.CandidateServiceImpl         : New Candidate SAVED. Email: isabellaisles@aol.com
2024-01-22T21:21:14.718Z  INFO 10856 --- [    Test worker] u.a.c.p.i.s.CandidateServiceImpl         : New Candidate SAVED. Email: jamesjohnson@aol.com
2024-01-22T21:21:14.732Z  INFO 10856 --- [    Test worker] u.a.c.p.i.s.CandidateServiceImpl         : New Candidate SAVED. Email: katiekenny@aol.com
2024-01-22T21:21:14.746Z  INFO 10856 --- [    Test worker] u.a.c.p.i.s.CandidateServiceImpl         : New Candidate SAVED. Email: lauralewis@aol.com
2024-01-22T21:21:14.770Z  INFO 10856 --- [    Test worker] u.a.c.p.i.s.CandidateServiceImpl         : New Candidate SAVED. Email: michaelmoore@aol.com
2024-01-22T21:21:14.783Z  INFO 10856 --- [    Test worker] u.a.c.p.i.s.CandidateServiceImpl         : New Candidate SAVED. Email: natalienelson@test.com
2024-01-22T21:21:14.794Z  INFO 10856 --- [    Test worker] u.a.c.p.i.s.CandidateServiceImpl         : New Candidate SAVED. Email: peterpark@aol.com
2024-01-22T21:21:14.807Z  INFO 10856 --- [    Test worker] u.a.c.p.i.s.CandidateServiceImpl         : New Candidate SAVED. Email: robertrussell@aol.com
2024-01-22T21:21:14.817Z  INFO 10856 --- [    Test worker] u.a.c.p.i.s.CandidateServiceImpl         : New Candidate SAVED. Email: sarahsmith@aol.com
2024-01-22T21:21:14.831Z  INFO 10856 --- [    Test worker] u.a.c.p.i.s.CandidateServiceImpl         : New Candidate SAVED. Email: thomasthompson@aol.com
2024-01-22T21:21:14.843Z  INFO 10856 --- [    Test worker] u.a.c.p.i.s.CandidateServiceImpl         : New Candidate SAVED. Email: victoriarwalker@aol.com
2024-01-22T21:21:14.851Z  INFO 10856 --- [    Test worker] u.a.c.p.i.s.CandidateServiceImpl         : New Candidate SAVED. Email: williamwilson@aol.com
2024-01-22T21:21:14.867Z  INFO 10856 --- [    Test worker] u.a.c.p.i.s.CandidateServiceImpl         : New Candidate SAVED. Email: xavierxavier@aol.com
2024-01-22T21:21:14.881Z  INFO 10856 --- [    Test worker] u.a.c.p.i.s.CandidateServiceImpl         : New Candidate SAVED. Email: yasminyoung@aol.com
2024-01-22T21:21:14.894Z  INFO 10856 --- [    Test worker] u.a.c.p.i.s.CandidateServiceImpl         : New Candidate SAVED. Email: zachariahzimmerman@aol.com
2024-01-22T21:21:14.906Z  INFO 10856 --- [    Test worker] u.a.c.p.i.s.CandidateServiceImpl         : New Candidate SAVED. Email: amandaanderson@test.com
2024-01-22T21:21:14.918Z  INFO 10856 --- [    Test worker] u.a.c.p.i.s.CandidateServiceImpl         : New Candidate SAVED. Email: brandonbrown@admiralgroup.co.uk
2024-01-22T21:21:14.929Z  INFO 10856 --- [    Test worker] u.a.c.p.i.s.CandidateServiceImpl         : New Candidate SAVED. Email: catherineclark@admiralgroup.co.uk
2024-01-22T21:21:14.938Z  INFO 10856 --- [    Test worker] u.a.c.p.i.s.CandidateServiceImpl         : New Candidate SAVED. Email: daviddavis@test.com
2024-01-22T21:21:14.947Z  INFO 10856 --- [    Test worker] u.a.c.p.i.s.CandidateServiceImpl         : New Candidate SAVED. Email: emilyevans@test.com
2024-01-22T21:21:14.954Z  INFO 10856 --- [    Test worker] u.a.c.p.i.s.CandidateServiceImpl         : New Candidate SAVED. Email: frankfoster@test.com
2024-01-22T21:21:14.962Z  INFO 10856 --- [    Test worker] u.a.c.p.i.s.CandidateServiceImpl         : New Candidate SAVED. Email: gracegarrett@test.com
2024-01-22T21:21:14.970Z  INFO 10856 --- [    Test worker] u.a.c.p.i.s.CandidateServiceImpl         : New Candidate SAVED. Email: henryharrison@test.com
2024-01-22T21:21:14.979Z  INFO 10856 --- [    Test worker] u.a.c.p.i.s.CandidateServiceImpl         : New Candidate SAVED. Email: isabellaives@test.com
2024-01-22T21:21:14.988Z  INFO 10856 --- [    Test worker] u.a.c.p.i.s.CandidateServiceImpl         : New Candidate SAVED. Email: jamesjohnson@test.com
Candidate{id=1, firstName='John', lastName='Wick', dateOfBirth=1970-01-01, payrollNumber=123456, department='IT', role='Security', registrationDate=2023-12-01, registrationNumber=123456, email='johnwick@aol.com', level=null}
Candidate{id=2, firstName='One', lastName='One0', dateOfBirth=1970-01-01, payrollNumber=234567, department='Claims', role='QA Engineer', registrationDate=2023-12-01, registrationNumber=234567, email='test1@aol.com', level=null}
Candidate{id=3, firstName='Two', lastName='Two0', dateOfBirth=1970-01-01, payrollNumber=345678, department='IT', role='QA', registrationDate=2023-12-01, registrationNumber=null, email='test2@aol.com', level=null}
2024-01-22T21:21:15.046Z  INFO 10856 --- [    Test worker] u.a.c.p.i.p.s.LevelsServiceImpl          : Level SAVED. Level: '; DROP TABLE level; --\
2024-01-22T21:21:15.047Z  INFO 10856 --- [    Test worker] u.a.c.p.i.p.s.LevelsServiceImpl          : Level SEARCH. Level number: 1
2024-01-22T21:21:15.051Z  INFO 10856 --- [    Test worker] j.LocalContainerEntityManagerFactoryBean : Closing JPA EntityManagerFactory for persistence unit 'default'
2024-01-22T21:21:16.697Z  INFO 10856 --- [    Test worker] com.zaxxer.hikari.HikariDataSource       : HikariPool-2 - Shutdown initiated...
2024-01-22T21:21:16.707Z  INFO 10856 --- [    Test worker] com.zaxxer.hikari.HikariDataSource       : HikariPool-2 - Shutdown completed.

  .   ____          _            __ _ _
 /\\ / ___'_ __ _ _(_)_ __  __ _ \ \ \ \
( ( )\___ | '_ | '_| | '_ \/ _` | \ \ \ \
 \\/  ___)| |_)| | | | | || (_| |  ) ) ) )
  '  |____| .__|_| |_|_| |_\__, | / / / /
 =========|_|==============|___/=/_/_/_/
 :: Spring Boot ::                (v3.1.5)

2024-01-22T21:21:16.774Z  INFO 10856 --- [    Test worker] u.ac.cardiff.phoenix.ilm.DatabaseTests   : Starting DatabaseTests using Java 17.0.6 with PID 10856 (started by c22123521 in C:\Users\c22123521\Projects\year-2-team-phoenix-22123521)
2024-01-22T21:21:16.774Z DEBUG 10856 --- [    Test worker] u.ac.cardiff.phoenix.ilm.DatabaseTests   : Running with Spring Boot v3.1.5, Spring v6.0.13
2024-01-22T21:21:16.774Z  INFO 10856 --- [    Test worker] u.ac.cardiff.phoenix.ilm.DatabaseTests   : The following 1 profile is active: "dev"
2024-01-22T21:21:17.103Z  INFO 10856 --- [    Test worker] .s.d.r.c.RepositoryConfigurationDelegate : Bootstrapping Spring Data JPA repositories in DEFAULT mode.
2024-01-22T21:21:17.187Z  INFO 10856 --- [    Test worker] .s.d.r.c.RepositoryConfigurationDelegate : Finished Spring Data repository scanning in 84 ms. Found 9 JPA repository interfaces.
2024-01-22T21:21:17.255Z  INFO 10856 --- [    Test worker] o.hibernate.jpa.internal.util.LogHelper  : HHH000204: Processing PersistenceUnitInfo [name: default]
2024-01-22T21:21:17.266Z  INFO 10856 --- [    Test worker] o.h.e.boot.internal.EnversServiceImpl    : Envers integration enabled? : true
2024-01-22T21:21:17.268Z  INFO 10856 --- [    Test worker] o.s.o.j.p.SpringPersistenceUnitInfo      : No LoadTimeWeaver setup: ignoring JPA class transformer
2024-01-22T21:21:17.273Z  INFO 10856 --- [    Test worker] com.zaxxer.hikari.HikariDataSource       : HikariPool-3 - Starting...
2024-01-22T21:21:17.277Z  INFO 10856 --- [    Test worker] com.zaxxer.hikari.pool.HikariPool        : HikariPool-3 - Added connection org.mariadb.jdbc.Connection@3cf6f3aa
2024-01-22T21:21:17.277Z  INFO 10856 --- [    Test worker] com.zaxxer.hikari.HikariDataSource       : HikariPool-3 - Start completed.
2024-01-22T21:21:17.315Z  INFO 10856 --- [    Test worker] o.h.e.c.i.m.AuditMetadataGenerator       : Adding properties for entity: uk.ac.cardiff.phoenix.ilm.users.model.UserRole
2024-01-22T21:21:17.315Z  INFO 10856 --- [    Test worker] o.h.e.c.i.m.AuditMetadataGenerator       : Adding properties for entity: uk.ac.cardiff.phoenix.ilm.programs.model.Workshop
2024-01-22T21:21:17.316Z  INFO 10856 --- [    Test worker] o.h.e.c.i.m.AuditMetadataGenerator       : Adding properties for entity: uk.ac.cardiff.phoenix.ilm.programs.model.Homework
2024-01-22T21:21:17.316Z  INFO 10856 --- [    Test worker] o.h.e.c.i.m.AuditMetadataGenerator       : Adding properties for entity: uk.ac.cardiff.phoenix.ilm.users.model.User
2024-01-22T21:21:17.316Z  INFO 10856 --- [    Test worker] o.h.e.c.i.m.AuditMetadataGenerator       : Adding properties for entity: uk.ac.cardiff.phoenix.ilm.programs.model.Level
2024-01-22T21:21:17.316Z  INFO 10856 --- [    Test worker] o.h.e.c.i.m.AuditMetadataGenerator       : Adding properties for entity: uk.ac.cardiff.phoenix.ilm.model.UploadedFile
2024-01-22T21:21:17.316Z  INFO 10856 --- [    Test worker] o.h.e.c.i.m.AuditMetadataGenerator       : Adding properties for entity: uk.ac.cardiff.phoenix.ilm.model.Candidate
2024-01-22T21:21:17.316Z  INFO 10856 --- [    Test worker] o.h.e.c.i.m.AuditMetadataGenerator       : Adding properties for entity: uk.ac.cardiff.phoenix.ilm.programs.model.Event
2024-01-22T21:21:17.316Z  INFO 10856 --- [    Test worker] o.h.e.c.i.m.AuditMetadataGenerator       : Adding properties for entity: uk.ac.cardiff.phoenix.ilm.users.model.RolePermission
2024-01-22T21:21:17.439Z  INFO 10856 --- [    Test worker] o.h.e.t.j.p.i.JtaPlatformInitiator       : HHH000489: No JTA platform available (set 'hibernate.transaction.jta.platform' to enable JTA platform integration)
2024-01-22T21:21:20.227Z  INFO 10856 --- [    Test worker] j.LocalContainerEntityManagerFactoryBean : Initialized JPA EntityManagerFactory for persistence unit 'default'
2024-01-22T21:21:20.357Z  INFO 10856 --- [    Test worker] u.a.c.p.i.u.s.RolePermissionServiceImpl  : Access DENIED handler invoked
2024-01-22T21:21:20.367Z  WARN 10856 --- [    Test worker] JpaBaseConfiguration$JpaWebConfiguration : spring.jpa.open-in-view is enabled by default. Therefore, database queries may be performed during view rendering. Explicitly configure spring.jpa.open-in-view to disable this warning
2024-01-22T21:21:20.382Z  INFO 10856 --- [    Test worker] o.s.s.web.DefaultSecurityFilterChain     : Will secure any request with [org.springframework.security.web.session.DisableEncodeUrlFilter@5d7341a8, org.springframework.security.web.context.request.async.WebAsyncManagerIntegrationFilter@75ee4105, org.springframework.security.web.context.SecurityContextHolderFilter@5e454172, org.springframework.security.web.header.HeaderWriterFilter@77aa1e4, org.springframework.security.web.csrf.CsrfFilter@70d595e8, org.springframework.security.web.authentication.logout.LogoutFilter@434c2bbf, org.springframework.security.web.authentication.UsernamePasswordAuthenticationFilter@1235d778, org.springframework.security.web.savedrequest.RequestCacheAwareFilter@2e3e587, org.springframework.security.web.servletapi.SecurityContextHolderAwareRequestFilter@65514a3d, org.springframework.security.web.authentication.AnonymousAuthenticationFilter@1b9bb6e6, org.springframework.security.web.access.ExceptionTranslationFilter@6f810a8c, org.springframework.security.web.access.intercept.FilterSecurityInterceptor@3a8a823c]
2024-01-22T21:21:20.466Z  INFO 10856 --- [    Test worker] u.ac.cardiff.phoenix.ilm.DatabaseTests   : Started DatabaseTests in 3.757 seconds (process running for 36.345)
2024-01-22T21:21:21.136Z  WARN 10856 --- [    Test worker] u.a.c.phoenix.ilm.security.PasswordUtil  : Hashing took 583mscomplexity is too low
User(id=1, firstName=John, lastName=Tutor, email=john.tutor@example.com, roles=[UserRole(id=1, role=TUTOR, permissions=[RolePermission(id=1, permission=SCHEDULE_WORKSHOP), RolePermission(id=2, permission=CONFIRM_ATTENDANCE)])], passwordHash=e03a88530ccac91b7c007e8d0ce7087b5a603cdfe81679cb2f60d09dc7548359bd721db059546a93e241cbe6f2127b8449ef65c9987e8a49fd719f2751e3c6417a6a04b5423648a48709b46e1e7201c6, salt=e03a88530ccac91b7c007e8d0ce7087b)
2024-01-22T21:21:21.835Z  WARN 10856 --- [    Test worker] u.a.c.phoenix.ilm.security.PasswordUtil  : Hashing took 622mscomplexity is too low
User(id=2, firstName=Dan, lastName=Admin, email=admin@example.com, roles=[UserRole(id=2, role=ADMIN, permissions=[RolePermission(id=4, permission=ADMIN_UPLOAD), RolePermission(id=3, permission=ADMIN)])], passwordHash=15c30ed16a1348c8b6d815c3280988ca9200489806ed6c628edd922786cbac84eef290c0a551faebef8dcce30c0d35682314b0da0fee1ea5b5444121e0b191f6b09c6874342eb1c87a3adf92ac63d693, salt=15c30ed16a1348c8b6d815c3280988ca)
2024-01-22T21:21:22.544Z  WARN 10856 --- [    Test worker] u.a.c.phoenix.ilm.security.PasswordUtil  : Hashing took 658mscomplexity is too low
User(id=3, firstName=John, lastName=SU, email=su@su.com, roles=[UserRole(id=3, role=SU, permissions=[RolePermission(id=5, permission=SU)])], passwordHash=b21268821d92ac02bd49b6f4ca87ac83fdb0e363fc67d074ee4b531031106c255a09a7cdf65ceffe541d7b29af15a090dc2c7c3382561db2ae8fda434d749178bf8e7d6f493e4c632dc04aa99af11b66, salt=b21268821d92ac02bd49b6f4ca87ac83)
2024-01-22T21:21:22.579Z  INFO 10856 --- [    Test worker] u.a.c.p.i.p.s.LevelsServiceImpl          : Level SAVED. Level: Level 3
2024-01-22T21:21:22.586Z  INFO 10856 --- [    Test worker] u.a.c.p.i.p.s.LevelsServiceImpl          : Level SAVED. Level: Level 5
Added Levels
2024-01-22T21:21:22.587Z  INFO 10856 --- [    Test worker] u.a.c.p.i.p.s.LevelsServiceImpl          : Level SEARCH. Level number: 3
2024-01-22T21:21:22.594Z  INFO 10856 --- [    Test worker] u.a.c.p.i.p.s.LevelsServiceImpl          : Level SEARCH. Level number: 5
2024-01-22T21:21:22.612Z  INFO 10856 --- [    Test worker] u.a.c.p.i.p.s.WorkshopsServiceImpl       : ADD Workshop SUCCESS. Workshop: Understanding Leadership
2024-01-22T21:21:22.619Z  INFO 10856 --- [    Test worker] u.a.c.p.i.p.s.WorkshopsServiceImpl       : ADD Workshop SUCCESS. Workshop: Building Effective Teams
2024-01-22T21:21:22.632Z  INFO 10856 --- [    Test worker] u.a.c.p.i.p.s.WorkshopsServiceImpl       : ADD Workshop SUCCESS. Workshop: Understanding Stress Management
2024-01-22T21:21:22.644Z  INFO 10856 --- [    Test worker] u.a.c.p.i.p.s.WorkshopsServiceImpl       : ADD Workshop SUCCESS. Workshop: Planning Change in the Workplace
2024-01-22T21:21:22.653Z  INFO 10856 --- [    Test worker] u.a.c.p.i.p.s.WorkshopsServiceImpl       : ADD Workshop SUCCESS. Workshop: Solving Problems & Making Decisions
2024-01-22T21:21:22.659Z  INFO 10856 --- [    Test worker] u.a.c.p.i.p.s.WorkshopsServiceImpl       : ADD Workshop SUCCESS. Workshop: Managing Workplace Projects
2024-01-22T21:21:22.666Z  INFO 10856 --- [    Test worker] u.a.c.p.i.p.s.WorkshopsServiceImpl       : ADD Workshop SUCCESS. Workshop: Becoming an Effective Leader 
2024-01-22T21:21:22.673Z  INFO 10856 --- [    Test worker] u.a.c.p.i.p.s.WorkshopsServiceImpl       : ADD Workshop SUCCESS. Workshop: Leading Innovation & Change
2024-01-22T21:21:22.681Z  INFO 10856 --- [    Test worker] u.a.c.p.i.p.s.WorkshopsServiceImpl       : ADD Workshop SUCCESS. Workshop: Understanding Organisational Culture
2024-01-22T21:21:22.688Z  INFO 10856 --- [    Test worker] u.a.c.p.i.p.s.WorkshopsServiceImpl       : ADD Workshop SUCCESS. Workshop: Managing Stress & Conflict
Added Workshops
2024-01-22T21:21:22.695Z  INFO 10856 --- [    Test worker] u.a.c.p.i.s.CandidateServiceImpl         : New Candidate SAVED. Email: johnwick@aol.com
2024-01-22T21:21:22.710Z  INFO 10856 --- [    Test worker] u.a.c.p.i.s.CandidateServiceImpl         : New Candidate SAVED. Email: test1@aol.com
2024-01-22T21:21:22.718Z  INFO 10856 --- [    Test worker] u.a.c.p.i.s.CandidateServiceImpl         : New Candidate SAVED. Email: test2@aol.com
2024-01-22T21:21:22.726Z  INFO 10856 --- [    Test worker] u.a.c.p.i.s.CandidateServiceImpl         : New Candidate SAVED. Email: danieldavis@aol.com
2024-01-22T21:21:22.733Z  INFO 10856 --- [    Test worker] u.a.c.p.i.s.CandidateServiceImpl         : New Candidate SAVED. Email: emilyevans@aol.com
2024-01-22T21:21:22.742Z  INFO 10856 --- [    Test worker] u.a.c.p.i.s.CandidateServiceImpl         : New Candidate SAVED. Email: frankfoster@aol.com
2024-01-22T21:21:22.754Z  INFO 10856 --- [    Test worker] u.a.c.p.i.s.CandidateServiceImpl         : New Candidate SAVED. Email: gracegarrett@aol.com
2024-01-22T21:21:22.769Z  INFO 10856 --- [    Test worker] u.a.c.p.i.s.CandidateServiceImpl         : New Candidate SAVED. Email: henryharrison@aol.com
2024-01-22T21:21:22.782Z  INFO 10856 --- [    Test worker] u.a.c.p.i.s.CandidateServiceImpl         : New Candidate SAVED. Email: isabellaisles@aol.com
2024-01-22T21:21:22.793Z  INFO 10856 --- [    Test worker] u.a.c.p.i.s.CandidateServiceImpl         : New Candidate SAVED. Email: jamesjohnson@aol.com
2024-01-22T21:21:22.807Z  INFO 10856 --- [    Test worker] u.a.c.p.i.s.CandidateServiceImpl         : New Candidate SAVED. Email: katiekenny@aol.com
2024-01-22T21:21:22.820Z  INFO 10856 --- [    Test worker] u.a.c.p.i.s.CandidateServiceImpl         : New Candidate SAVED. Email: lauralewis@aol.com
2024-01-22T21:21:22.835Z  INFO 10856 --- [    Test worker] u.a.c.p.i.s.CandidateServiceImpl         : New Candidate SAVED. Email: michaelmoore@aol.com
2024-01-22T21:21:22.849Z  INFO 10856 --- [    Test worker] u.a.c.p.i.s.CandidateServiceImpl         : New Candidate SAVED. Email: natalienelson@test.com
2024-01-22T21:21:22.858Z  INFO 10856 --- [    Test worker] u.a.c.p.i.s.CandidateServiceImpl         : New Candidate SAVED. Email: peterpark@aol.com
2024-01-22T21:21:22.867Z  INFO 10856 --- [    Test worker] u.a.c.p.i.s.CandidateServiceImpl         : New Candidate SAVED. Email: robertrussell@aol.com
2024-01-22T21:21:22.873Z  INFO 10856 --- [    Test worker] u.a.c.p.i.s.CandidateServiceImpl         : New Candidate SAVED. Email: sarahsmith@aol.com
2024-01-22T21:21:22.882Z  INFO 10856 --- [    Test worker] u.a.c.p.i.s.CandidateServiceImpl         : New Candidate SAVED. Email: thomasthompson@aol.com
2024-01-22T21:21:22.888Z  INFO 10856 --- [    Test worker] u.a.c.p.i.s.CandidateServiceImpl         : New Candidate SAVED. Email: victoriarwalker@aol.com
2024-01-22T21:21:22.895Z  INFO 10856 --- [    Test worker] u.a.c.p.i.s.CandidateServiceImpl         : New Candidate SAVED. Email: williamwilson@aol.com
2024-01-22T21:21:22.903Z  INFO 10856 --- [    Test worker] u.a.c.p.i.s.CandidateServiceImpl         : New Candidate SAVED. Email: xavierxavier@aol.com
2024-01-22T21:21:22.914Z  INFO 10856 --- [    Test worker] u.a.c.p.i.s.CandidateServiceImpl         : New Candidate SAVED. Email: yasminyoung@aol.com
2024-01-22T21:21:22.924Z  INFO 10856 --- [    Test worker] u.a.c.p.i.s.CandidateServiceImpl         : New Candidate SAVED. Email: zachariahzimmerman@aol.com
2024-01-22T21:21:22.932Z  INFO 10856 --- [    Test worker] u.a.c.p.i.s.CandidateServiceImpl         : New Candidate SAVED. Email: amandaanderson@test.com
2024-01-22T21:21:22.940Z  INFO 10856 --- [    Test worker] u.a.c.p.i.s.CandidateServiceImpl         : New Candidate SAVED. Email: brandonbrown@admiralgroup.co.uk
2024-01-22T21:21:22.947Z  INFO 10856 --- [    Test worker] u.a.c.p.i.s.CandidateServiceImpl         : New Candidate SAVED. Email: catherineclark@admiralgroup.co.uk
2024-01-22T21:21:22.954Z  INFO 10856 --- [    Test worker] u.a.c.p.i.s.CandidateServiceImpl         : New Candidate SAVED. Email: daviddavis@test.com
2024-01-22T21:21:22.963Z  INFO 10856 --- [    Test worker] u.a.c.p.i.s.CandidateServiceImpl         : New Candidate SAVED. Email: emilyevans@test.com
2024-01-22T21:21:22.972Z  INFO 10856 --- [    Test worker] u.a.c.p.i.s.CandidateServiceImpl         : New Candidate SAVED. Email: frankfoster@test.com
2024-01-22T21:21:22.979Z  INFO 10856 --- [    Test worker] u.a.c.p.i.s.CandidateServiceImpl         : New Candidate SAVED. Email: gracegarrett@test.com
2024-01-22T21:21:22.987Z  INFO 10856 --- [    Test worker] u.a.c.p.i.s.CandidateServiceImpl         : New Candidate SAVED. Email: henryharrison@test.com
2024-01-22T21:21:22.993Z  INFO 10856 --- [    Test worker] u.a.c.p.i.s.CandidateServiceImpl         : New Candidate SAVED. Email: isabellaives@test.com
2024-01-22T21:21:23.001Z  INFO 10856 --- [    Test worker] u.a.c.p.i.s.CandidateServiceImpl         : New Candidate SAVED. Email: jamesjohnson@test.com
Candidate{id=1, firstName='John', lastName='Wick', dateOfBirth=1970-01-01, payrollNumber=123456, department='IT', role='Security', registrationDate=2023-12-01, registrationNumber=123456, email='johnwick@aol.com', level=null}
Candidate{id=2, firstName='One', lastName='One0', dateOfBirth=1970-01-01, payrollNumber=234567, department='Claims', role='QA Engineer', registrationDate=2023-12-01, registrationNumber=234567, email='test1@aol.com', level=null}
Candidate{id=3, firstName='Two', lastName='Two0', dateOfBirth=1970-01-01, payrollNumber=345678, department='IT', role='QA', registrationDate=2023-12-01, registrationNumber=null, email='test2@aol.com', level=null}
2024-01-22T21:21:23.066Z  INFO 10856 --- [    Test worker] u.a.c.p.i.p.s.LevelsServiceImpl          : Level SAVED. Level: Level 1
2024-01-22T21:21:23.076Z  INFO 10856 --- [    Test worker] u.a.c.p.i.p.s.WorkshopsServiceImpl       : ADD Workshop SUCCESS. Workshop: '; DROP TABLE workshop; --\
2024-01-22T21:21:23.076Z  INFO 10856 --- [    Test worker] u.a.c.p.i.p.s.WorkshopsServiceImpl       : Workshop SEARCH. Level: Level 1
2024-01-22T21:21:23.085Z  INFO 10856 --- [    Test worker] j.LocalContainerEntityManagerFactoryBean : Closing JPA EntityManagerFactory for persistence unit 'default'
2024-01-22T21:21:24.793Z  INFO 10856 --- [    Test worker] com.zaxxer.hikari.HikariDataSource       : HikariPool-3 - Shutdown initiated...
2024-01-22T21:21:24.801Z  INFO 10856 --- [    Test worker] com.zaxxer.hikari.HikariDataSource       : HikariPool-3 - Shutdown completed.
]]></system-out>
  <system-err><![CDATA[]]></system-err>
</testsuite>
