<?xml version="1.0" encoding="UTF-8"?>
<testsuite name="uk.ac.cardiff.phoenix.ilm.IlmApplicationTests" tests="1" skipped="0" failures="0" errors="0" timestamp="2024-01-22T21:21:40" hostname="DSA10F60A8A6F79" time="0.001">
  <properties/>
  <testcase name="contextLoads()" classname="uk.ac.cardiff.phoenix.ilm.IlmApplicationTests" time="0.001"/>
  <system-out><![CDATA[2024-01-22T21:21:40.069Z  INFO 10856 --- [    Test worker] t.c.s.AnnotationConfigContextLoaderUtils : Could not detect default configuration classes for test class [uk.ac.cardiff.phoenix.ilm.IlmApplicationTests]: IlmApplicationTests does not declare any static, non-private, non-final, nested classes annotated with @Configuration.
2024-01-22T21:21:40.070Z  INFO 10856 --- [    Test worker] .b.t.c.SpringBootTestContextBootstrapper : Found @SpringBootConfiguration uk.ac.cardiff.phoenix.ilm.IlmApplication for test class uk.ac.cardiff.phoenix.ilm.IlmApplicationTests
]]></system-out>
  <system-err><![CDATA[]]></system-err>
</testsuite>
