<?xml version="1.0" encoding="UTF-8"?>
<testsuite name="uk.ac.cardiff.phoenix.ilm.security.PasswordComputationalComplexityTest" tests="1" skipped="0" failures="0" errors="0" timestamp="2024-01-22T21:22:08" hostname="DSA10F60A8A6F79" time="7.509">
  <properties/>
  <testcase name="testHashingComplexity()" classname="uk.ac.cardiff.phoenix.ilm.security.PasswordComputationalComplexityTest" time="7.509"/>
  <system-out><![CDATA[2024-01-22T21:22:09.232Z DEBUG 10856 --- [    Test worker] u.a.c.phoenix.ilm.security.PasswordUtil  : Hashing took 884ms
2024-01-22T21:22:09.910Z  WARN 10856 --- [    Test worker] u.a.c.phoenix.ilm.security.PasswordUtil  : Hashing took 673mscomplexity is too low
2024-01-22T21:22:10.571Z  WARN 10856 --- [    Test worker] u.a.c.phoenix.ilm.security.PasswordUtil  : Hashing took 661mscomplexity is too low
2024-01-22T21:22:11.216Z  WARN 10856 --- [    Test worker] u.a.c.phoenix.ilm.security.PasswordUtil  : Hashing took 644mscomplexity is too low
2024-01-22T21:22:11.865Z  WARN 10856 --- [    Test worker] u.a.c.phoenix.ilm.security.PasswordUtil  : Hashing took 649mscomplexity is too low
2024-01-22T21:22:12.536Z  WARN 10856 --- [    Test worker] u.a.c.phoenix.ilm.security.PasswordUtil  : Hashing took 670mscomplexity is too low
2024-01-22T21:22:13.187Z  WARN 10856 --- [    Test worker] u.a.c.phoenix.ilm.security.PasswordUtil  : Hashing took 650mscomplexity is too low
2024-01-22T21:22:13.841Z  WARN 10856 --- [    Test worker] u.a.c.phoenix.ilm.security.PasswordUtil  : Hashing took 653mscomplexity is too low
2024-01-22T21:22:14.496Z  WARN 10856 --- [    Test worker] u.a.c.phoenix.ilm.security.PasswordUtil  : Hashing took 655mscomplexity is too low
2024-01-22T21:22:15.189Z  WARN 10856 --- [    Test worker] u.a.c.phoenix.ilm.security.PasswordUtil  : Hashing took 692mscomplexity is too low
2024-01-22T21:22:15.847Z  WARN 10856 --- [    Test worker] u.a.c.phoenix.ilm.security.PasswordUtil  : Hashing took 658mscomplexity is too low
Average duration of hashing,661ms, is between 500ms and 3000ms
]]></system-out>
  <system-err><![CDATA[]]></system-err>
</testsuite>
