<?xml version="1.0" encoding="UTF-8"?>
<testsuite name="uk.ac.cardiff.phoenix.ilm.serviceImpl.UploadedFileServiceImplTest" tests="8" skipped="0" failures="0" errors="0" timestamp="2024-01-22T21:23:35" hostname="DSA10F60A8A6F79" time="0.258">
  <properties/>
  <testcase name="testGetAllUploadedFiles()" classname="uk.ac.cardiff.phoenix.ilm.serviceImpl.UploadedFileServiceImplTest" time="0.233"/>
  <testcase name="shouldNotFindUploadedFileWhenIdDoesNotExist()" classname="uk.ac.cardiff.phoenix.ilm.serviceImpl.UploadedFileServiceImplTest" time="0.002"/>
  <testcase name="shouldFindUploadedFileWhenIdExists()" classname="uk.ac.cardiff.phoenix.ilm.serviceImpl.UploadedFileServiceImplTest" time="0.003"/>
  <testcase name="testProcessUploadedFileIntegration()" classname="uk.ac.cardiff.phoenix.ilm.serviceImpl.UploadedFileServiceImplTest" time="0.003"/>
  <testcase name="testProcessUploadedFileMocked()" classname="uk.ac.cardiff.phoenix.ilm.serviceImpl.UploadedFileServiceImplTest" time="0.003"/>
  <testcase name="testSaveUploadedFile()" classname="uk.ac.cardiff.phoenix.ilm.serviceImpl.UploadedFileServiceImplTest" time="0.003"/>
  <testcase name="testDeleteNonExistingFile()" classname="uk.ac.cardiff.phoenix.ilm.serviceImpl.UploadedFileServiceImplTest" time="0.004"/>
  <testcase name="testDeleteExistingFile()" classname="uk.ac.cardiff.phoenix.ilm.serviceImpl.UploadedFileServiceImplTest" time="0.002"/>
  <system-out><![CDATA[2024-01-22T21:23:35.337Z  INFO 10856 --- [    Test worker] u.a.c.p.i.s.UploadedFileServiceImpl      : File GET ALL.
2024-01-22T21:23:35.339Z  INFO 10856 --- [    Test worker] u.a.c.p.i.s.UploadedFileServiceImpl      : File COUNT performed.
2024-01-22T21:23:35.341Z  INFO 10856 --- [    Test worker] u.a.c.p.i.s.UploadedFileServiceImpl      : File SEARCH. File ID: 1
2024-01-22T21:23:35.345Z  INFO 10856 --- [    Test worker] u.a.c.p.i.s.UploadedFileServiceImpl      : File SEARCH. File ID: 1
2024-01-22T21:23:35.349Z  INFO 10856 --- [    Test worker] u.a.c.p.i.s.UploadedFileServiceImpl      : File PROCESSED. File ID: 1
2024-01-22T21:23:35.352Z  INFO 10856 --- [    Test worker] u.a.c.p.i.s.UploadedFileServiceImpl      : File PROCESSED. File ID: 1
2024-01-22T21:23:35.357Z  INFO 10856 --- [    Test worker] u.a.c.p.i.s.UploadedFileServiceImpl      : File SAVED. File name: testFile.xlsx
2024-01-22T21:23:35.359Z  INFO 10856 --- [    Test worker] u.a.c.p.i.s.UploadedFileServiceImpl      : File search UNSUCCESSFUL. File ID: 1
2024-01-22T21:23:35.364Z  INFO 10856 --- [    Test worker] u.a.c.p.i.s.UploadedFileServiceImpl      : File DELETED. File ID: 1
]]></system-out>
  <system-err><![CDATA[]]></system-err>
</testsuite>
