<?xml version="1.0" encoding="UTF-8"?>
<testsuite name="uk.ac.cardiff.phoenix.ilm.selenium.TestSeleniumCandidatesProcessed" tests="1" skipped="0" failures="0" errors="0" timestamp="2024-01-22T21:22:48" hostname="DSA10F60A8A6F79" time="4.303">
  <properties/>
  <testcase name="runExcelFileProcessor()" classname="uk.ac.cardiff.phoenix.ilm.selenium.TestSeleniumCandidatesProcessed" time="4.303"/>
  <system-out><![CDATA[2024-01-22T21:22:46.493Z  INFO 10856 --- [    Test worker] t.c.s.AnnotationConfigContextLoaderUtils : Could not detect default configuration classes for test class [uk.ac.cardiff.phoenix.ilm.selenium.TestSeleniumCandidatesProcessed]: TestSeleniumCandidatesProcessed does not declare any static, non-private, non-final, nested classes annotated with @Configuration.
2024-01-22T21:22:46.494Z  INFO 10856 --- [    Test worker] .b.t.c.SpringBootTestContextBootstrapper : Found @SpringBootConfiguration uk.ac.cardiff.phoenix.ilm.IlmApplication for test class uk.ac.cardiff.phoenix.ilm.selenium.TestSeleniumCandidatesProcessed

  .   ____          _            __ _ _
 /\\ / ___'_ __ _ _(_)_ __  __ _ \ \ \ \
( ( )\___ | '_ | '_| | '_ \/ _` | \ \ \ \
 \\/  ___)| |_)| | | | | || (_| |  ) ) ) )
  '  |____| .__|_| |_|_| |_\__, | / / / /
 =========|_|==============|___/=/_/_/_/
 :: Spring Boot ::                (v3.1.5)

2024-01-22T21:22:46.544Z  INFO 10856 --- [    Test worker] .c.p.i.s.TestSeleniumCandidatesProcessed : Starting TestSeleniumCandidatesProcessed using Java 17.0.6 with PID 10856 (started by c22123521 in C:\Users\c22123521\Projects\year-2-team-phoenix-22123521)
2024-01-22T21:22:46.544Z  INFO 10856 --- [    Test worker] .c.p.i.s.TestSeleniumCandidatesProcessed : The following 1 profile is active: "test"
2024-01-22T21:22:46.895Z  INFO 10856 --- [    Test worker] .s.d.r.c.RepositoryConfigurationDelegate : Bootstrapping Spring Data JPA repositories in DEFAULT mode.
2024-01-22T21:22:46.995Z  INFO 10856 --- [    Test worker] .s.d.r.c.RepositoryConfigurationDelegate : Finished Spring Data repository scanning in 101 ms. Found 9 JPA repository interfaces.
2024-01-22T21:22:47.083Z  INFO 10856 --- [    Test worker] o.s.b.w.embedded.tomcat.TomcatWebServer  : Tomcat initialized with port(s): 0 (http)
2024-01-22T21:22:47.083Z  INFO 10856 --- [    Test worker] o.apache.catalina.core.StandardService   : Starting service [Tomcat]
2024-01-22T21:22:47.083Z  INFO 10856 --- [    Test worker] o.apache.catalina.core.StandardEngine    : Starting Servlet engine: [Apache Tomcat/10.1.15]
2024-01-22T21:22:47.148Z  INFO 10856 --- [    Test worker] o.a.c.c.C.[Tomcat].[localhost].[/]       : Initializing Spring embedded WebApplicationContext
2024-01-22T21:22:47.148Z  INFO 10856 --- [    Test worker] w.s.c.ServletWebServerApplicationContext : Root WebApplicationContext: initialization completed in 600 ms
2024-01-22T21:22:47.196Z  INFO 10856 --- [    Test worker] o.hibernate.jpa.internal.util.LogHelper  : HHH000204: Processing PersistenceUnitInfo [name: default]
2024-01-22T21:22:47.210Z  INFO 10856 --- [    Test worker] o.h.e.boot.internal.EnversServiceImpl    : Envers integration enabled? : true
2024-01-22T21:22:47.214Z  INFO 10856 --- [    Test worker] o.s.o.j.p.SpringPersistenceUnitInfo      : No LoadTimeWeaver setup: ignoring JPA class transformer
2024-01-22T21:22:47.214Z  INFO 10856 --- [    Test worker] com.zaxxer.hikari.HikariDataSource       : HikariPool-11 - Starting...
2024-01-22T21:22:47.215Z  INFO 10856 --- [    Test worker] com.zaxxer.hikari.pool.HikariPool        : HikariPool-11 - Added connection conn754: url=jdbc:h2:mem:testdb user=SA
2024-01-22T21:22:47.215Z  INFO 10856 --- [    Test worker] com.zaxxer.hikari.HikariDataSource       : HikariPool-11 - Start completed.
2024-01-22T21:22:47.216Z  WARN 10856 --- [    Test worker] org.hibernate.orm.deprecation            : HHH90000025: H2Dialect does not need to be specified explicitly using 'hibernate.dialect' (remove the property setting and it will be selected by default)
2024-01-22T21:22:47.248Z  INFO 10856 --- [    Test worker] o.h.e.c.i.m.AuditMetadataGenerator       : Adding properties for entity: uk.ac.cardiff.phoenix.ilm.users.model.UserRole
2024-01-22T21:22:47.248Z  INFO 10856 --- [    Test worker] o.h.e.c.i.m.AuditMetadataGenerator       : Adding properties for entity: uk.ac.cardiff.phoenix.ilm.programs.model.Workshop
2024-01-22T21:22:47.248Z  INFO 10856 --- [    Test worker] o.h.e.c.i.m.AuditMetadataGenerator       : Adding properties for entity: uk.ac.cardiff.phoenix.ilm.programs.model.Homework
2024-01-22T21:22:47.248Z  INFO 10856 --- [    Test worker] o.h.e.c.i.m.AuditMetadataGenerator       : Adding properties for entity: uk.ac.cardiff.phoenix.ilm.users.model.User
2024-01-22T21:22:47.248Z  INFO 10856 --- [    Test worker] o.h.e.c.i.m.AuditMetadataGenerator       : Adding properties for entity: uk.ac.cardiff.phoenix.ilm.programs.model.Level
2024-01-22T21:22:47.248Z  INFO 10856 --- [    Test worker] o.h.e.c.i.m.AuditMetadataGenerator       : Adding properties for entity: uk.ac.cardiff.phoenix.ilm.model.UploadedFile
2024-01-22T21:22:47.248Z  INFO 10856 --- [    Test worker] o.h.e.c.i.m.AuditMetadataGenerator       : Adding properties for entity: uk.ac.cardiff.phoenix.ilm.model.Candidate
2024-01-22T21:22:47.248Z  INFO 10856 --- [    Test worker] o.h.e.c.i.m.AuditMetadataGenerator       : Adding properties for entity: uk.ac.cardiff.phoenix.ilm.programs.model.Event
2024-01-22T21:22:47.249Z  INFO 10856 --- [    Test worker] o.h.e.c.i.m.AuditMetadataGenerator       : Adding properties for entity: uk.ac.cardiff.phoenix.ilm.users.model.RolePermission
2024-01-22T21:22:47.346Z  INFO 10856 --- [    Test worker] o.h.e.t.j.p.i.JtaPlatformInitiator       : HHH000489: No JTA platform available (set 'hibernate.transaction.jta.platform' to enable JTA platform integration)
2024-01-22T21:22:47.360Z  INFO 10856 --- [    Test worker] j.LocalContainerEntityManagerFactoryBean : Initialized JPA EntityManagerFactory for persistence unit 'default'
2024-01-22T21:22:47.484Z  INFO 10856 --- [    Test worker] u.a.c.p.i.u.s.RolePermissionServiceImpl  : Access DENIED handler invoked
2024-01-22T21:22:47.491Z  WARN 10856 --- [    Test worker] JpaBaseConfiguration$JpaWebConfiguration : spring.jpa.open-in-view is enabled by default. Therefore, database queries may be performed during view rendering. Explicitly configure spring.jpa.open-in-view to disable this warning
2024-01-22T21:22:47.540Z  INFO 10856 --- [    Test worker] o.s.s.web.DefaultSecurityFilterChain     : Will secure any request with [org.springframework.security.web.session.DisableEncodeUrlFilter@444edc4f, org.springframework.security.web.context.request.async.WebAsyncManagerIntegrationFilter@7b391a6b, org.springframework.security.web.context.SecurityContextHolderFilter@54040ac1, org.springframework.security.web.header.HeaderWriterFilter@792a0b08, org.springframework.security.web.csrf.CsrfFilter@5528389d, org.springframework.security.web.authentication.logout.LogoutFilter@70fedb84, org.springframework.security.web.authentication.UsernamePasswordAuthenticationFilter@3bcad083, org.springframework.security.web.savedrequest.RequestCacheAwareFilter@407c3c0c, org.springframework.security.web.servletapi.SecurityContextHolderAwareRequestFilter@2d83b72f, org.springframework.security.web.authentication.AnonymousAuthenticationFilter@116bc1a5, org.springframework.security.web.access.ExceptionTranslationFilter@36db692d, org.springframework.security.web.access.intercept.FilterSecurityInterceptor@189e44c5]
2024-01-22T21:22:47.603Z  INFO 10856 --- [    Test worker] o.s.b.w.embedded.tomcat.TomcatWebServer  : Tomcat started on port(s): 55601 (http) with context path ''
2024-01-22T21:22:47.606Z  INFO 10856 --- [    Test worker] .c.p.i.s.TestSeleniumCandidatesProcessed : Started TestSeleniumCandidatesProcessed in 1.106 seconds (process running for 123.485)
2024-01-22T21:22:48.369Z  WARN 10856 --- [    Test worker] u.a.c.phoenix.ilm.security.PasswordUtil  : Hashing took 748mscomplexity is too low
User(id=1, firstName=John, lastName=SU, email=su@su.com, roles=[UserRole(id=1, role=SU, permissions=[RolePermission(id=1, permission=SU)])], passwordHash=9958e8e31ca6d9b19973459141732ff2d2b1f2b8fcc4fded5becabd209222264cb97abeb59d51bd7247da79b4b2b658ad8b51925a2c36a614788c82d790f7e9263bfd51613aa41dbcf309d9e69ddec8a, salt=9958e8e31ca6d9b19973459141732ff2)
2024-01-22T21:22:48.395Z  INFO 10856 --- [    Test worker] i.g.bonigarcia.wdm.WebDriverManager      : Using chromedriver 120.0.6099.109 (resolved driver for Chrome 120)
2024-01-22T21:22:48.401Z  INFO 10856 --- [    Test worker] i.g.bonigarcia.wdm.WebDriverManager      : Exporting webdriver.chrome.driver as C:\Users\c22123521\.cache\selenium\chromedriver\win64\120.0.6099.109\chromedriver.exe
2024-01-22T21:22:49.373Z  INFO 10856 --- [o-auto-2-exec-1] o.a.c.c.C.[Tomcat].[localhost].[/]       : Initializing Spring DispatcherServlet 'dispatcherServlet'
2024-01-22T21:22:49.373Z  INFO 10856 --- [o-auto-2-exec-1] o.s.web.servlet.DispatcherServlet        : Initializing Servlet 'dispatcherServlet'
2024-01-22T21:22:49.373Z  INFO 10856 --- [o-auto-2-exec-1] o.s.web.servlet.DispatcherServlet        : Completed initialization in 0 ms
2024-01-22T21:22:49.375Z  INFO 10856 --- [o-auto-2-exec-1] u.a.c.p.i.p.s.WorkshopsServiceImpl       : Workshop SEARCH ALL.
2024-01-22T21:22:49.376Z  INFO 10856 --- [o-auto-2-exec-1] u.a.c.p.i.p.s.LevelsServiceImpl          : Levels SEARCH ALL.
2024-01-22T21:22:49.773Z  INFO 10856 --- [o-auto-2-exec-3] u.a.c.p.i.p.s.WorkshopsServiceImpl       : Workshop SEARCH ALL.
2024-01-22T21:22:49.774Z  INFO 10856 --- [o-auto-2-exec-3] u.a.c.p.i.p.s.LevelsServiceImpl          : Levels SEARCH ALL.
2024-01-22T21:22:50.709Z  WARN 10856 --- [o-auto-2-exec-5] u.a.c.phoenix.ilm.security.PasswordUtil  : Hashing took 653mscomplexity is too low
2024-01-22T21:22:51.371Z  WARN 10856 --- [o-auto-2-exec-5] u.a.c.phoenix.ilm.security.PasswordUtil  : Hashing took 659mscomplexity is too low
2024-01-22T21:22:51.371Z  INFO 10856 --- [o-auto-2-exec-5] u.a.c.p.i.u.s.RolePermissionServiceImpl  : User logged in. User: su@su.com
2024-01-22T21:22:51.377Z  INFO 10856 --- [o-auto-2-exec-7] u.a.c.p.i.p.s.WorkshopsServiceImpl       : Workshop SEARCH ALL.
2024-01-22T21:22:51.379Z  INFO 10856 --- [o-auto-2-exec-7] u.a.c.p.i.p.s.LevelsServiceImpl          : Levels SEARCH ALL.
2024-01-22T21:22:51.519Z  INFO 10856 --- [o-auto-2-exec-8] u.a.c.p.i.p.s.WorkshopsServiceImpl       : Workshop SEARCH ALL.
2024-01-22T21:22:51.520Z  INFO 10856 --- [o-auto-2-exec-8] u.a.c.p.i.p.s.LevelsServiceImpl          : Levels SEARCH ALL.
2024-01-22T21:22:51.625Z  INFO 10856 --- [-auto-2-exec-10] u.a.c.p.i.p.s.WorkshopsServiceImpl       : Workshop SEARCH ALL.
2024-01-22T21:22:51.628Z  INFO 10856 --- [-auto-2-exec-10] u.a.c.p.i.p.s.LevelsServiceImpl          : Levels SEARCH ALL.
2024-01-22T21:22:51.628Z  INFO 10856 --- [-auto-2-exec-10] u.a.c.p.i.s.UploadedFileServiceImpl      : File GET ALL.
2024-01-22T21:22:51.814Z  INFO 10856 --- [o-auto-2-exec-2] u.a.c.p.i.p.s.WorkshopsServiceImpl       : Workshop SEARCH ALL.
2024-01-22T21:22:51.814Z  INFO 10856 --- [o-auto-2-exec-2] u.a.c.p.i.p.s.LevelsServiceImpl          : Levels SEARCH ALL.
Received file: candidatetemplate.xlsx
2024-01-22T21:22:51.839Z  INFO 10856 --- [o-auto-2-exec-2] u.a.c.p.i.s.UploadedFileServiceImpl      : File SAVED. File name: candidatetemplate.xlsx
2024-01-22T21:22:51.847Z  INFO 10856 --- [o-auto-2-exec-3] u.a.c.p.i.p.s.WorkshopsServiceImpl       : Workshop SEARCH ALL.
2024-01-22T21:22:51.848Z  INFO 10856 --- [o-auto-2-exec-3] u.a.c.p.i.p.s.LevelsServiceImpl          : Levels SEARCH ALL.
2024-01-22T21:22:51.849Z  INFO 10856 --- [o-auto-2-exec-3] u.a.c.p.i.s.UploadedFileServiceImpl      : File GET ALL.
2024-01-22T21:22:51.929Z  INFO 10856 --- [o-auto-2-exec-5] u.a.c.p.i.p.s.WorkshopsServiceImpl       : Workshop SEARCH ALL.
2024-01-22T21:22:51.931Z  INFO 10856 --- [o-auto-2-exec-5] u.a.c.p.i.p.s.LevelsServiceImpl          : Levels SEARCH ALL.
2024-01-22T21:22:51.932Z  INFO 10856 --- [o-auto-2-exec-5] u.a.c.p.i.s.UploadedFileServiceImpl      : File GET ALL.
2024-01-22T21:22:52.040Z  INFO 10856 --- [o-auto-2-exec-6] u.a.c.p.i.p.s.WorkshopsServiceImpl       : Workshop SEARCH ALL.
2024-01-22T21:22:52.040Z  INFO 10856 --- [o-auto-2-exec-6] u.a.c.p.i.p.s.LevelsServiceImpl          : Levels SEARCH ALL.
2024-01-22T21:22:52.065Z  INFO 10856 --- [o-auto-2-exec-6] u.a.c.p.i.s.CandidateServiceImpl         : New Candidate SAVED. Email: asdffefe@admiralgroup.co.uk
2024-01-22T21:22:52.068Z  INFO 10856 --- [o-auto-2-exec-6] u.a.c.p.i.s.CandidateServiceImpl         : New Candidate SAVED. Email: sdjnfvs@amdijfl.co.uk
2024-01-22T21:22:52.069Z  INFO 10856 --- [o-auto-2-exec-6] u.a.c.p.i.s.UploadedFileServiceImpl      : File PROCESSED. File ID: 1
2024-01-22T21:22:52.079Z  INFO 10856 --- [o-auto-2-exec-8] u.a.c.p.i.p.s.WorkshopsServiceImpl       : Workshop SEARCH ALL.
2024-01-22T21:22:52.080Z  INFO 10856 --- [o-auto-2-exec-8] u.a.c.p.i.p.s.LevelsServiceImpl          : Levels SEARCH ALL.
2024-01-22T21:22:52.081Z  INFO 10856 --- [o-auto-2-exec-8] u.a.c.p.i.s.UploadedFileServiceImpl      : File GET ALL.
2024-01-22T21:22:52.207Z  INFO 10856 --- [-auto-2-exec-10] u.a.c.p.i.p.s.WorkshopsServiceImpl       : Workshop SEARCH ALL.
2024-01-22T21:22:52.208Z  INFO 10856 --- [-auto-2-exec-10] u.a.c.p.i.p.s.LevelsServiceImpl          : Levels SEARCH ALL.
2024-01-22T21:22:52.232Z  INFO 10856 --- [-auto-2-exec-10] u.a.c.p.i.s.UploadedFileServiceImpl      : File PROCESSED. File ID: 1
2024-01-22T21:22:52.249Z  INFO 10856 --- [o-auto-2-exec-1] u.a.c.p.i.p.s.WorkshopsServiceImpl       : Workshop SEARCH ALL.
2024-01-22T21:22:52.250Z  INFO 10856 --- [o-auto-2-exec-1] u.a.c.p.i.p.s.LevelsServiceImpl          : Levels SEARCH ALL.
2024-01-22T21:22:52.251Z  INFO 10856 --- [o-auto-2-exec-1] u.a.c.p.i.s.UploadedFileServiceImpl      : File GET ALL.
2024-01-22T21:22:52.346Z  INFO 10856 --- [o-auto-2-exec-3] u.a.c.p.i.p.s.WorkshopsServiceImpl       : Workshop SEARCH ALL.
2024-01-22T21:22:52.347Z  INFO 10856 --- [o-auto-2-exec-3] u.a.c.p.i.p.s.LevelsServiceImpl          : Levels SEARCH ALL.
2024-01-22T21:22:52.347Z  INFO 10856 --- [o-auto-2-exec-3] u.a.c.p.i.s.CandidateServiceImpl         : Candidates' list findAll().
2024-01-22T21:22:52.458Z  INFO 10856 --- [o-auto-2-exec-5] u.a.c.p.i.p.s.WorkshopsServiceImpl       : Workshop SEARCH ALL.
2024-01-22T21:22:52.459Z  INFO 10856 --- [o-auto-2-exec-5] u.a.c.p.i.p.s.LevelsServiceImpl          : Levels SEARCH ALL.
2024-01-22T21:22:52.460Z  INFO 10856 --- [o-auto-2-exec-5] u.a.c.p.i.s.CandidateServiceImpl         : Candidates' list findAll().
2024-01-22T21:22:52.674Z  INFO 10856 --- [    Test worker] o.apache.catalina.core.StandardService   : Stopping service [Tomcat]
2024-01-22T21:22:52.674Z  INFO 10856 --- [    Test worker] o.a.c.c.C.[Tomcat].[localhost].[/]       : Destroying Spring FrameworkServlet 'dispatcherServlet'
2024-01-22T21:22:52.676Z  INFO 10856 --- [    Test worker] j.LocalContainerEntityManagerFactoryBean : Closing JPA EntityManagerFactory for persistence unit 'default'
2024-01-22T21:22:52.679Z  INFO 10856 --- [    Test worker] com.zaxxer.hikari.HikariDataSource       : HikariPool-11 - Shutdown initiated...
2024-01-22T21:22:52.681Z  INFO 10856 --- [    Test worker] com.zaxxer.hikari.HikariDataSource       : HikariPool-11 - Shutdown completed.
]]></system-out>
  <system-err><![CDATA[Starting ChromeDriver 120.0.6099.109 (3419140ab665596f21b385ce136419fde0924272-refs/branch-heads/6099@{#1483}) on port 44744
Only local connections are allowed.
Please see https://chromedriver.chromium.org/security-considerations for suggestions on keeping ChromeDriver safe.
ChromeDriver was started successfully.
]]></system-err>
</testsuite>
