<?xml version="1.0" encoding="UTF-8"?>
<testsuite name="uk.ac.cardiff.phoenix.ilm.TestLookupController" tests="4" skipped="0" failures="0" errors="0" timestamp="2024-01-22T21:21:53" hostname="DSA10F60A8A6F79" time="0.682">
  <properties/>
  <testcase name="testLookupCandidateByDepartment()" classname="uk.ac.cardiff.phoenix.ilm.TestLookupController" time="0.607"/>
  <testcase name="testLookupCandidateById()" classname="uk.ac.cardiff.phoenix.ilm.TestLookupController" time="0.005"/>
  <testcase name="testLookupCandidate()" classname="uk.ac.cardiff.phoenix.ilm.TestLookupController" time="0.004"/>
  <testcase name="testRegisterILM()" classname="uk.ac.cardiff.phoenix.ilm.TestLookupController" time="0.062"/>
  <system-out><![CDATA[]]></system-out>
  <system-err><![CDATA[]]></system-err>
</testsuite>
