<?xml version="1.0" encoding="UTF-8"?>
<testsuite name="uk.ac.cardiff.phoenix.ilm.UploadedFileControllerTest" tests="2" skipped="0" failures="0" errors="0" timestamp="2024-01-22T21:21:54" hostname="DSA10F60A8A6F79" time="0.208">
  <properties/>
  <testcase name="handleSuccessfulupload()" classname="uk.ac.cardiff.phoenix.ilm.UploadedFileControllerTest" time="0.169"/>
  <testcase name="correctlyHandleFileNotFound()" classname="uk.ac.cardiff.phoenix.ilm.UploadedFileControllerTest" time="0.036"/>
  <system-out><![CDATA[2024-01-22T21:21:53.857Z  INFO 10856 --- [    Test worker] t.c.s.AnnotationConfigContextLoaderUtils : Could not detect default configuration classes for test class [uk.ac.cardiff.phoenix.ilm.UploadedFileControllerTest]: UploadedFileControllerTest does not declare any static, non-private, non-final, nested classes annotated with @Configuration.
2024-01-22T21:21:53.885Z  INFO 10856 --- [    Test worker] .b.t.c.SpringBootTestContextBootstrapper : Found @SpringBootConfiguration uk.ac.cardiff.phoenix.ilm.IlmApplication for test class uk.ac.cardiff.phoenix.ilm.UploadedFileControllerTest

  .   ____          _            __ _ _
 /\\ / ___'_ __ _ _(_)_ __  __ _ \ \ \ \
( ( )\___ | '_ | '_| | '_ \/ _` | \ \ \ \
 \\/  ___)| |_)| | | | | || (_| |  ) ) ) )
  '  |____| .__|_| |_|_| |_\__, | / / / /
 =========|_|==============|___/=/_/_/_/
 :: Spring Boot ::                (v3.1.5)

2024-01-22T21:21:53.981Z  INFO 10856 --- [    Test worker] u.a.c.p.ilm.UploadedFileControllerTest   : Starting UploadedFileControllerTest using Java 17.0.6 with PID 10856 (started by c22123521 in C:\Users\c22123521\Projects\year-2-team-phoenix-22123521)
2024-01-22T21:21:53.983Z DEBUG 10856 --- [    Test worker] u.a.c.p.ilm.UploadedFileControllerTest   : Running with Spring Boot v3.1.5, Spring v6.0.13
2024-01-22T21:21:53.984Z  INFO 10856 --- [    Test worker] u.a.c.p.ilm.UploadedFileControllerTest   : The following 1 profile is active: "dev"
2024-01-22T21:21:54.756Z  WARN 10856 --- [    Test worker] .s.s.UserDetailsServiceAutoConfiguration : 

Using generated security password: 12f75447-7068-478e-a807-2bd656d54fdd

This generated password is for development use only. Your security configuration must be updated before running your application in production.

2024-01-22T21:21:54.806Z  INFO 10856 --- [    Test worker] o.s.s.web.DefaultSecurityFilterChain     : Will secure any request with [org.springframework.security.web.session.DisableEncodeUrlFilter@67c83c82, org.springframework.security.web.context.request.async.WebAsyncManagerIntegrationFilter@4a5b1a27, org.springframework.security.web.context.SecurityContextHolderFilter@103f7e54, org.springframework.security.web.header.HeaderWriterFilter@c4e47a7, org.springframework.security.web.csrf.CsrfFilter@2bd3aa8, org.springframework.security.web.authentication.logout.LogoutFilter@d9ca034, org.springframework.security.web.authentication.UsernamePasswordAuthenticationFilter@151f2e17, org.springframework.security.web.authentication.ui.DefaultLoginPageGeneratingFilter@2e8bddda, org.springframework.security.web.authentication.ui.DefaultLogoutPageGeneratingFilter@1e46f43c, org.springframework.security.web.authentication.www.BasicAuthenticationFilter@1811bc4f, org.springframework.security.web.savedrequest.RequestCacheAwareFilter@7bbc6e81, org.springframework.security.web.servletapi.SecurityContextHolderAwareRequestFilter@5086cb12, org.springframework.security.web.authentication.AnonymousAuthenticationFilter@b20d07f, org.springframework.security.web.access.ExceptionTranslationFilter@758bd34f, org.springframework.security.web.access.intercept.AuthorizationFilter@43f51eb5]
2024-01-22T21:21:54.871Z  INFO 10856 --- [    Test worker] o.s.b.t.m.w.SpringBootMockServletContext : Initializing Spring TestDispatcherServlet ''
2024-01-22T21:21:54.871Z  INFO 10856 --- [    Test worker] o.s.t.web.servlet.TestDispatcherServlet  : Initializing Servlet ''
2024-01-22T21:21:54.873Z  INFO 10856 --- [    Test worker] o.s.t.web.servlet.TestDispatcherServlet  : Completed initialization in 1 ms
2024-01-22T21:21:54.891Z  INFO 10856 --- [    Test worker] u.a.c.p.ilm.UploadedFileControllerTest   : Started UploadedFileControllerTest in 0.997 seconds (process running for 70.77)
Received file: test.txt

MockHttpServletRequest:
      HTTP Method = GET
      Request URI = /admin/upload/process/1
       Parameters = {}
          Headers = []
             Body = <no character encoding set>
    Session Attrs = {org.springframework.web.servlet.support.SessionFlashMapManager.FLASH_MAPS=[FlashMap [attributes={message=No file found with id: 1}, targetRequestPath=/admin/upload, targetRequestParams={}]]}

Handler:
             Type = uk.ac.cardiff.phoenix.ilm.controller.admin.AdminController
           Method = uk.ac.cardiff.phoenix.ilm.controller.admin.AdminController#processFile(long, RedirectAttributes)

Async:
    Async started = false
     Async result = null

Resolved Exception:
             Type = null

ModelAndView:
        View name = redirect:/admin/upload
             View = null
            Model = null

FlashMap:
        Attribute = message
            value = No file found with id: 1

MockHttpServletResponse:
           Status = 302
    Error message = null
          Headers = [Content-Language:"en", Location:"/admin/upload"]
     Content type = null
             Body = 
    Forwarded URL = null
   Redirected URL = /admin/upload
          Cookies = []
]]></system-out>
  <system-err><![CDATA[]]></system-err>
</testsuite>
