<?xml version="1.0" encoding="UTF-8"?>
<testsuite name="uk.ac.cardiff.phoenix.ilm.selenium.LevelsAndWorkshopsNavTest" tests="3" skipped="0" failures="0" errors="0" timestamp="2024-01-22T21:22:20" hostname="DSA10F60A8A6F79" time="22.277">
  <properties/>
  <testcase name="viewLevel3()" classname="uk.ac.cardiff.phoenix.ilm.selenium.LevelsAndWorkshopsNavTest" time="7.512"/>
  <testcase name="viewLevel5()" classname="uk.ac.cardiff.phoenix.ilm.selenium.LevelsAndWorkshopsNavTest" time="2.506"/>
  <testcase name="workshopAndLevelNavigation()" classname="uk.ac.cardiff.phoenix.ilm.selenium.LevelsAndWorkshopsNavTest" time="12.258"/>
  <system-out><![CDATA[2024-01-22T21:22:15.874Z  INFO 10856 --- [    Test worker] t.c.s.AnnotationConfigContextLoaderUtils : Could not detect default configuration classes for test class [uk.ac.cardiff.phoenix.ilm.selenium.LevelsAndWorkshopsNavTest]: LevelsAndWorkshopsNavTest does not declare any static, non-private, non-final, nested classes annotated with @Configuration.
2024-01-22T21:22:15.928Z  INFO 10856 --- [    Test worker] .b.t.c.SpringBootTestContextBootstrapper : Found @SpringBootConfiguration uk.ac.cardiff.phoenix.ilm.IlmApplication for test class uk.ac.cardiff.phoenix.ilm.selenium.LevelsAndWorkshopsNavTest

  .   ____          _            __ _ _
 /\\ / ___'_ __ _ _(_)_ __  __ _ \ \ \ \
( ( )\___ | '_ | '_| | '_ \/ _` | \ \ \ \
 \\/  ___)| |_)| | | | | || (_| |  ) ) ) )
  '  |____| .__|_| |_|_| |_\__, | / / / /
 =========|_|==============|___/=/_/_/_/
 :: Spring Boot ::                (v3.1.5)

2024-01-22T21:22:15.986Z  INFO 10856 --- [    Test worker] u.a.c.p.i.s.LevelsAndWorkshopsNavTest    : Starting LevelsAndWorkshopsNavTest using Java 17.0.6 with PID 10856 (started by c22123521 in C:\Users\c22123521\Projects\year-2-team-phoenix-22123521)
2024-01-22T21:22:15.987Z DEBUG 10856 --- [    Test worker] u.a.c.p.i.s.LevelsAndWorkshopsNavTest    : Running with Spring Boot v3.1.5, Spring v6.0.13
2024-01-22T21:22:15.987Z  INFO 10856 --- [    Test worker] u.a.c.p.i.s.LevelsAndWorkshopsNavTest    : The following 1 profile is active: "dev"
2024-01-22T21:22:16.285Z  INFO 10856 --- [    Test worker] .s.d.r.c.RepositoryConfigurationDelegate : Bootstrapping Spring Data JPA repositories in DEFAULT mode.
2024-01-22T21:22:16.369Z  INFO 10856 --- [    Test worker] .s.d.r.c.RepositoryConfigurationDelegate : Finished Spring Data repository scanning in 83 ms. Found 9 JPA repository interfaces.
2024-01-22T21:22:16.407Z  INFO 10856 --- [    Test worker] beddedDataSourceBeanFactoryPostProcessor : Replacing 'dataSource' DataSource bean with embedded version
2024-01-22T21:22:16.629Z  INFO 10856 --- [    Test worker] o.s.b.w.embedded.tomcat.TomcatWebServer  : Tomcat initialized with port(s): 0 (http)
2024-01-22T21:22:16.645Z  INFO 10856 --- [    Test worker] o.apache.catalina.core.StandardService   : Starting service [Tomcat]
2024-01-22T21:22:16.645Z  INFO 10856 --- [    Test worker] o.apache.catalina.core.StandardEngine    : Starting Servlet engine: [Apache Tomcat/10.1.15]
2024-01-22T21:22:16.815Z  INFO 10856 --- [    Test worker] o.a.c.c.C.[Tomcat].[localhost].[/]       : Initializing Spring embedded WebApplicationContext
2024-01-22T21:22:16.816Z  INFO 10856 --- [    Test worker] w.s.c.ServletWebServerApplicationContext : Root WebApplicationContext: initialization completed in 825 ms
2024-01-22T21:22:16.885Z  INFO 10856 --- [    Test worker] o.s.j.d.e.EmbeddedDatabaseFactory        : Starting embedded database: url='jdbc:h2:mem:ea96cb6c-f38e-454c-9e1d-4506c4891408;DB_CLOSE_DELAY=-1;DB_CLOSE_ON_EXIT=false', username='sa'
2024-01-22T21:22:16.903Z  INFO 10856 --- [    Test worker] o.hibernate.jpa.internal.util.LogHelper  : HHH000204: Processing PersistenceUnitInfo [name: default]
2024-01-22T21:22:16.922Z  INFO 10856 --- [    Test worker] o.h.e.boot.internal.EnversServiceImpl    : Envers integration enabled? : true
2024-01-22T21:22:16.928Z  INFO 10856 --- [    Test worker] o.s.o.j.p.SpringPersistenceUnitInfo      : No LoadTimeWeaver setup: ignoring JPA class transformer
2024-01-22T21:22:16.968Z  INFO 10856 --- [    Test worker] o.h.e.c.i.m.AuditMetadataGenerator       : Adding properties for entity: uk.ac.cardiff.phoenix.ilm.users.model.UserRole
2024-01-22T21:22:16.968Z  INFO 10856 --- [    Test worker] o.h.e.c.i.m.AuditMetadataGenerator       : Adding properties for entity: uk.ac.cardiff.phoenix.ilm.programs.model.Workshop
2024-01-22T21:22:16.969Z  INFO 10856 --- [    Test worker] o.h.e.c.i.m.AuditMetadataGenerator       : Adding properties for entity: uk.ac.cardiff.phoenix.ilm.programs.model.Homework
2024-01-22T21:22:16.969Z  INFO 10856 --- [    Test worker] o.h.e.c.i.m.AuditMetadataGenerator       : Adding properties for entity: uk.ac.cardiff.phoenix.ilm.users.model.User
2024-01-22T21:22:16.969Z  INFO 10856 --- [    Test worker] o.h.e.c.i.m.AuditMetadataGenerator       : Adding properties for entity: uk.ac.cardiff.phoenix.ilm.programs.model.Level
2024-01-22T21:22:16.970Z  INFO 10856 --- [    Test worker] o.h.e.c.i.m.AuditMetadataGenerator       : Adding properties for entity: uk.ac.cardiff.phoenix.ilm.model.UploadedFile
2024-01-22T21:22:16.970Z  INFO 10856 --- [    Test worker] o.h.e.c.i.m.AuditMetadataGenerator       : Adding properties for entity: uk.ac.cardiff.phoenix.ilm.model.Candidate
2024-01-22T21:22:16.970Z  INFO 10856 --- [    Test worker] o.h.e.c.i.m.AuditMetadataGenerator       : Adding properties for entity: uk.ac.cardiff.phoenix.ilm.programs.model.Event
2024-01-22T21:22:16.970Z  INFO 10856 --- [    Test worker] o.h.e.c.i.m.AuditMetadataGenerator       : Adding properties for entity: uk.ac.cardiff.phoenix.ilm.users.model.RolePermission
2024-01-22T21:22:17.108Z  INFO 10856 --- [    Test worker] o.h.e.t.j.p.i.JtaPlatformInitiator       : HHH000489: No JTA platform available (set 'hibernate.transaction.jta.platform' to enable JTA platform integration)
2024-01-22T21:22:17.134Z  INFO 10856 --- [    Test worker] j.LocalContainerEntityManagerFactoryBean : Initialized JPA EntityManagerFactory for persistence unit 'default'
2024-01-22T21:22:17.302Z  INFO 10856 --- [    Test worker] u.a.c.p.i.u.s.RolePermissionServiceImpl  : Access DENIED handler invoked
2024-01-22T21:22:17.313Z  WARN 10856 --- [    Test worker] JpaBaseConfiguration$JpaWebConfiguration : spring.jpa.open-in-view is enabled by default. Therefore, database queries may be performed during view rendering. Explicitly configure spring.jpa.open-in-view to disable this warning
2024-01-22T21:22:17.380Z  INFO 10856 --- [    Test worker] o.s.s.web.DefaultSecurityFilterChain     : Will secure any request with [org.springframework.security.web.session.DisableEncodeUrlFilter@599f0c8d, org.springframework.security.web.context.request.async.WebAsyncManagerIntegrationFilter@25594ae9, org.springframework.security.web.context.SecurityContextHolderFilter@61a8afec, org.springframework.security.web.header.HeaderWriterFilter@236530a4, org.springframework.security.web.csrf.CsrfFilter@b5eab1b, org.springframework.security.web.authentication.logout.LogoutFilter@7b5526d8, org.springframework.security.web.authentication.UsernamePasswordAuthenticationFilter@f4050e0, org.springframework.security.web.savedrequest.RequestCacheAwareFilter@1fd0d6b1, org.springframework.security.web.servletapi.SecurityContextHolderAwareRequestFilter@554ccf12, org.springframework.security.web.authentication.AnonymousAuthenticationFilter@22f6d170, org.springframework.security.web.access.ExceptionTranslationFilter@7d76e415, org.springframework.security.web.access.intercept.FilterSecurityInterceptor@7501f05]
2024-01-22T21:22:17.762Z  INFO 10856 --- [    Test worker] o.s.b.w.embedded.tomcat.TomcatWebServer  : Tomcat started on port(s): 55519 (http) with context path ''
2024-01-22T21:22:17.767Z  INFO 10856 --- [    Test worker] u.a.c.p.i.s.LevelsAndWorkshopsNavTest    : Started LevelsAndWorkshopsNavTest in 1.834 seconds (process running for 93.646)
2024-01-22T21:22:18.696Z DEBUG 10856 --- [    Test worker] u.a.c.phoenix.ilm.security.PasswordUtil  : Hashing took 888ms
User(id=1, firstName=John, lastName=Tutor, email=john.tutor@example.com, roles=[UserRole(id=1, role=TUTOR, permissions=[RolePermission(id=1, permission=SCHEDULE_WORKSHOP), RolePermission(id=2, permission=CONFIRM_ATTENDANCE)])], passwordHash=24afcf3cd8f3712b2be07992d06a48aac8801b70ab950b5149b503a9c851d5180fc1d19e9a056d6fe91655aa5989f6a36d3832a19cc9998c2db91b38a5d50eb2a23af791af75340e2eb45b4b5b9dc1fe, salt=24afcf3cd8f3712b2be07992d06a48aa)
2024-01-22T21:22:19.446Z  WARN 10856 --- [    Test worker] u.a.c.phoenix.ilm.security.PasswordUtil  : Hashing took 703mscomplexity is too low
User(id=2, firstName=Dan, lastName=Admin, email=admin@example.com, roles=[UserRole(id=2, role=ADMIN, permissions=[RolePermission(id=4, permission=ADMIN_UPLOAD), RolePermission(id=3, permission=ADMIN)])], passwordHash=65ab5be658d0d3c08d68214e6eb581e5fd072840c56a4d21af03f7d761ac04e4fc280b055c85a4fa8c9b33202609c6723ac25399c676b54aa60dfee8135e9d88b6ea42b86f9830009990a975d500be54, salt=65ab5be658d0d3c08d68214e6eb581e5)
2024-01-22T21:22:20.112Z  WARN 10856 --- [    Test worker] u.a.c.phoenix.ilm.security.PasswordUtil  : Hashing took 641mscomplexity is too low
User(id=3, firstName=John, lastName=SU, email=su@su.com, roles=[UserRole(id=3, role=SU, permissions=[RolePermission(id=5, permission=SU)])], passwordHash=d078430c6ecebbca8a30c0f0c03a776536d1a169e76a6fad0613534699b841ed2c4f030f245d7a180992e41960ccd3ed093ca84c1803c6b2161fda19c7f9f486dd1563c4cf74a567f30a9ba774a2bca5, salt=d078430c6ecebbca8a30c0f0c03a7765)
2024-01-22T21:22:20.121Z  INFO 10856 --- [    Test worker] u.a.c.p.i.p.s.LevelsServiceImpl          : Level SAVED. Level: Level 3
2024-01-22T21:22:20.128Z  INFO 10856 --- [    Test worker] u.a.c.p.i.p.s.LevelsServiceImpl          : Level SAVED. Level: Level 5
Added Levels
2024-01-22T21:22:20.128Z  INFO 10856 --- [    Test worker] u.a.c.p.i.p.s.LevelsServiceImpl          : Level SEARCH. Level number: 3
2024-01-22T21:22:20.133Z  INFO 10856 --- [    Test worker] u.a.c.p.i.p.s.LevelsServiceImpl          : Level SEARCH. Level number: 5
2024-01-22T21:22:20.149Z  INFO 10856 --- [    Test worker] u.a.c.p.i.p.s.WorkshopsServiceImpl       : ADD Workshop SUCCESS. Workshop: Understanding Leadership
2024-01-22T21:22:20.157Z  INFO 10856 --- [    Test worker] u.a.c.p.i.p.s.WorkshopsServiceImpl       : ADD Workshop SUCCESS. Workshop: Building Effective Teams
2024-01-22T21:22:20.162Z  INFO 10856 --- [    Test worker] u.a.c.p.i.p.s.WorkshopsServiceImpl       : ADD Workshop SUCCESS. Workshop: Understanding Stress Management
2024-01-22T21:22:20.166Z  INFO 10856 --- [    Test worker] u.a.c.p.i.p.s.WorkshopsServiceImpl       : ADD Workshop SUCCESS. Workshop: Planning Change in the Workplace
2024-01-22T21:22:20.171Z  INFO 10856 --- [    Test worker] u.a.c.p.i.p.s.WorkshopsServiceImpl       : ADD Workshop SUCCESS. Workshop: Solving Problems & Making Decisions
2024-01-22T21:22:20.175Z  INFO 10856 --- [    Test worker] u.a.c.p.i.p.s.WorkshopsServiceImpl       : ADD Workshop SUCCESS. Workshop: Managing Workplace Projects
2024-01-22T21:22:20.177Z  INFO 10856 --- [    Test worker] u.a.c.p.i.p.s.WorkshopsServiceImpl       : ADD Workshop SUCCESS. Workshop: Becoming an Effective Leader 
2024-01-22T21:22:20.191Z  INFO 10856 --- [    Test worker] u.a.c.p.i.p.s.WorkshopsServiceImpl       : ADD Workshop SUCCESS. Workshop: Leading Innovation & Change
2024-01-22T21:22:20.202Z  INFO 10856 --- [    Test worker] u.a.c.p.i.p.s.WorkshopsServiceImpl       : ADD Workshop SUCCESS. Workshop: Understanding Organisational Culture
2024-01-22T21:22:20.208Z  INFO 10856 --- [    Test worker] u.a.c.p.i.p.s.WorkshopsServiceImpl       : ADD Workshop SUCCESS. Workshop: Managing Stress & Conflict
Added Workshops
2024-01-22T21:22:20.216Z  INFO 10856 --- [    Test worker] u.a.c.p.i.s.CandidateServiceImpl         : New Candidate SAVED. Email: johnwick@aol.com
2024-01-22T21:22:20.224Z  INFO 10856 --- [    Test worker] u.a.c.p.i.s.CandidateServiceImpl         : New Candidate SAVED. Email: test1@aol.com
2024-01-22T21:22:20.229Z  INFO 10856 --- [    Test worker] u.a.c.p.i.s.CandidateServiceImpl         : New Candidate SAVED. Email: test2@aol.com
2024-01-22T21:22:20.232Z  INFO 10856 --- [    Test worker] u.a.c.p.i.s.CandidateServiceImpl         : New Candidate SAVED. Email: danieldavis@aol.com
2024-01-22T21:22:20.237Z  INFO 10856 --- [    Test worker] u.a.c.p.i.s.CandidateServiceImpl         : New Candidate SAVED. Email: emilyevans@aol.com
2024-01-22T21:22:20.243Z  INFO 10856 --- [    Test worker] u.a.c.p.i.s.CandidateServiceImpl         : New Candidate SAVED. Email: frankfoster@aol.com
2024-01-22T21:22:20.249Z  INFO 10856 --- [    Test worker] u.a.c.p.i.s.CandidateServiceImpl         : New Candidate SAVED. Email: gracegarrett@aol.com
2024-01-22T21:22:20.253Z  INFO 10856 --- [    Test worker] u.a.c.p.i.s.CandidateServiceImpl         : New Candidate SAVED. Email: henryharrison@aol.com
2024-01-22T21:22:20.255Z  INFO 10856 --- [    Test worker] u.a.c.p.i.s.CandidateServiceImpl         : New Candidate SAVED. Email: isabellaisles@aol.com
2024-01-22T21:22:20.262Z  INFO 10856 --- [    Test worker] u.a.c.p.i.s.CandidateServiceImpl         : New Candidate SAVED. Email: jamesjohnson@aol.com
2024-01-22T21:22:20.266Z  INFO 10856 --- [    Test worker] u.a.c.p.i.s.CandidateServiceImpl         : New Candidate SAVED. Email: katiekenny@aol.com
2024-01-22T21:22:20.274Z  INFO 10856 --- [    Test worker] u.a.c.p.i.s.CandidateServiceImpl         : New Candidate SAVED. Email: lauralewis@aol.com
2024-01-22T21:22:20.279Z  INFO 10856 --- [    Test worker] u.a.c.p.i.s.CandidateServiceImpl         : New Candidate SAVED. Email: michaelmoore@aol.com
2024-01-22T21:22:20.282Z  INFO 10856 --- [    Test worker] u.a.c.p.i.s.CandidateServiceImpl         : New Candidate SAVED. Email: natalienelson@test.com
2024-01-22T21:22:20.290Z  INFO 10856 --- [    Test worker] u.a.c.p.i.s.CandidateServiceImpl         : New Candidate SAVED. Email: peterpark@aol.com
2024-01-22T21:22:20.295Z  INFO 10856 --- [    Test worker] u.a.c.p.i.s.CandidateServiceImpl         : New Candidate SAVED. Email: robertrussell@aol.com
2024-01-22T21:22:20.301Z  INFO 10856 --- [    Test worker] u.a.c.p.i.s.CandidateServiceImpl         : New Candidate SAVED. Email: sarahsmith@aol.com
2024-01-22T21:22:20.308Z  INFO 10856 --- [    Test worker] u.a.c.p.i.s.CandidateServiceImpl         : New Candidate SAVED. Email: thomasthompson@aol.com
2024-01-22T21:22:20.311Z  INFO 10856 --- [    Test worker] u.a.c.p.i.s.CandidateServiceImpl         : New Candidate SAVED. Email: victoriarwalker@aol.com
2024-01-22T21:22:20.314Z  INFO 10856 --- [    Test worker] u.a.c.p.i.s.CandidateServiceImpl         : New Candidate SAVED. Email: williamwilson@aol.com
2024-01-22T21:22:20.320Z  INFO 10856 --- [    Test worker] u.a.c.p.i.s.CandidateServiceImpl         : New Candidate SAVED. Email: xavierxavier@aol.com
2024-01-22T21:22:20.326Z  INFO 10856 --- [    Test worker] u.a.c.p.i.s.CandidateServiceImpl         : New Candidate SAVED. Email: yasminyoung@aol.com
2024-01-22T21:22:20.330Z  INFO 10856 --- [    Test worker] u.a.c.p.i.s.CandidateServiceImpl         : New Candidate SAVED. Email: zachariahzimmerman@aol.com
2024-01-22T21:22:20.334Z  INFO 10856 --- [    Test worker] u.a.c.p.i.s.CandidateServiceImpl         : New Candidate SAVED. Email: amandaanderson@test.com
2024-01-22T21:22:20.341Z  INFO 10856 --- [    Test worker] u.a.c.p.i.s.CandidateServiceImpl         : New Candidate SAVED. Email: brandonbrown@admiralgroup.co.uk
2024-01-22T21:22:20.346Z  INFO 10856 --- [    Test worker] u.a.c.p.i.s.CandidateServiceImpl         : New Candidate SAVED. Email: catherineclark@admiralgroup.co.uk
2024-01-22T21:22:20.351Z  INFO 10856 --- [    Test worker] u.a.c.p.i.s.CandidateServiceImpl         : New Candidate SAVED. Email: daviddavis@test.com
2024-01-22T21:22:20.354Z  INFO 10856 --- [    Test worker] u.a.c.p.i.s.CandidateServiceImpl         : New Candidate SAVED. Email: emilyevans@test.com
2024-01-22T21:22:20.361Z  INFO 10856 --- [    Test worker] u.a.c.p.i.s.CandidateServiceImpl         : New Candidate SAVED. Email: frankfoster@test.com
2024-01-22T21:22:20.364Z  INFO 10856 --- [    Test worker] u.a.c.p.i.s.CandidateServiceImpl         : New Candidate SAVED. Email: gracegarrett@test.com
2024-01-22T21:22:20.370Z  INFO 10856 --- [    Test worker] u.a.c.p.i.s.CandidateServiceImpl         : New Candidate SAVED. Email: henryharrison@test.com
2024-01-22T21:22:20.374Z  INFO 10856 --- [    Test worker] u.a.c.p.i.s.CandidateServiceImpl         : New Candidate SAVED. Email: isabellaives@test.com
2024-01-22T21:22:20.381Z  INFO 10856 --- [    Test worker] u.a.c.p.i.s.CandidateServiceImpl         : New Candidate SAVED. Email: jamesjohnson@test.com
Candidate{id=1, firstName='John', lastName='Wick', dateOfBirth=1970-01-01, payrollNumber=123456, department='IT', role='Security', registrationDate=2023-12-01, registrationNumber=123456, email='johnwick@aol.com', level=null}
Candidate{id=2, firstName='One', lastName='One0', dateOfBirth=1970-01-01, payrollNumber=234567, department='Claims', role='QA Engineer', registrationDate=2023-12-01, registrationNumber=234567, email='test1@aol.com', level=null}
Candidate{id=3, firstName='Two', lastName='Two0', dateOfBirth=1970-01-01, payrollNumber=345678, department='IT', role='QA', registrationDate=2023-12-01, registrationNumber=null, email='test2@aol.com', level=null}
2024-01-22T21:22:20.487Z  INFO 10856 --- [    Test worker] i.g.bonigarcia.wdm.WebDriverManager      : Using chromedriver 120.0.6099.109 (resolved driver for Chrome 120)
2024-01-22T21:22:20.506Z  INFO 10856 --- [    Test worker] i.g.bonigarcia.wdm.WebDriverManager      : Exporting webdriver.chrome.driver as C:\Users\c22123521\.cache\selenium\chromedriver\win64\120.0.6099.109\chromedriver.exe
2024-01-22T21:22:22.432Z  INFO 10856 --- [o-auto-1-exec-1] o.a.c.c.C.[Tomcat].[localhost].[/]       : Initializing Spring DispatcherServlet 'dispatcherServlet'
2024-01-22T21:22:22.432Z  INFO 10856 --- [o-auto-1-exec-1] o.s.web.servlet.DispatcherServlet        : Initializing Servlet 'dispatcherServlet'
2024-01-22T21:22:22.433Z  INFO 10856 --- [o-auto-1-exec-1] o.s.web.servlet.DispatcherServlet        : Completed initialization in 1 ms
2024-01-22T21:22:22.469Z  INFO 10856 --- [o-auto-1-exec-1] u.a.c.p.i.p.s.WorkshopsServiceImpl       : Workshop SEARCH ALL.
2024-01-22T21:22:22.472Z  INFO 10856 --- [o-auto-1-exec-1] u.a.c.p.i.p.s.LevelsServiceImpl          : Levels SEARCH ALL.
2024-01-22T21:22:23.427Z  INFO 10856 --- [o-auto-1-exec-3] u.a.c.p.i.p.s.WorkshopsServiceImpl       : Workshop SEARCH ALL.
2024-01-22T21:22:23.430Z  INFO 10856 --- [o-auto-1-exec-3] u.a.c.p.i.p.s.LevelsServiceImpl          : Levels SEARCH ALL.
2024-01-22T21:22:24.453Z  WARN 10856 --- [o-auto-1-exec-5] u.a.c.phoenix.ilm.security.PasswordUtil  : Hashing took 680mscomplexity is too low
2024-01-22T21:22:25.115Z  WARN 10856 --- [o-auto-1-exec-5] u.a.c.phoenix.ilm.security.PasswordUtil  : Hashing took 659mscomplexity is too low
2024-01-22T21:22:25.117Z  INFO 10856 --- [o-auto-1-exec-5] u.a.c.p.i.u.s.RolePermissionServiceImpl  : User logged in. User: admin@example.com
2024-01-22T21:22:25.152Z  INFO 10856 --- [o-auto-1-exec-6] u.a.c.p.i.p.s.WorkshopsServiceImpl       : Workshop SEARCH ALL.
2024-01-22T21:22:25.154Z  INFO 10856 --- [o-auto-1-exec-6] u.a.c.p.i.p.s.LevelsServiceImpl          : Levels SEARCH ALL.
2024-01-22T21:22:27.580Z  INFO 10856 --- [o-auto-1-exec-8] u.a.c.p.i.p.s.WorkshopsServiceImpl       : Workshop SEARCH ALL.
2024-01-22T21:22:27.583Z  INFO 10856 --- [o-auto-1-exec-8] u.a.c.p.i.p.s.LevelsServiceImpl          : Levels SEARCH ALL.
2024-01-22T21:22:27.585Z  INFO 10856 --- [o-auto-1-exec-8] u.a.c.p.i.p.s.WorkshopsServiceImpl       : Workshop SEARCH. Level number: 3
2024-01-22T21:22:27.803Z  WARN 10856 --- [cHttpClient-1-4] o.a.netty.handler.WebSocketHandler       : onError

java.net.SocketException: Connection reset
	at java.base/sun.nio.ch.SocketChannelImpl.throwConnectionReset(SocketChannelImpl.java:394) ~[na:na]
	at java.base/sun.nio.ch.SocketChannelImpl.read(SocketChannelImpl.java:426) ~[na:na]
	at io.netty.buffer.PooledByteBuf.setBytes(PooledByteBuf.java:254) ~[netty-buffer-4.1.100.Final.jar:4.1.100.Final]
	at io.netty.buffer.AbstractByteBuf.writeBytes(AbstractByteBuf.java:1132) ~[netty-buffer-4.1.100.Final.jar:4.1.100.Final]
	at io.netty.channel.socket.nio.NioSocketChannel.doReadBytes(NioSocketChannel.java:357) ~[netty-transport-4.1.100.Final.jar:4.1.100.Final]
	at io.netty.channel.nio.AbstractNioByteChannel$NioByteUnsafe.read(AbstractNioByteChannel.java:151) ~[netty-transport-4.1.100.Final.jar:4.1.100.Final]
	at io.netty.channel.nio.NioEventLoop.processSelectedKey(NioEventLoop.java:788) ~[netty-transport-4.1.100.Final.jar:4.1.100.Final]
	at io.netty.channel.nio.NioEventLoop.processSelectedKeysOptimized(NioEventLoop.java:724) ~[netty-transport-4.1.100.Final.jar:4.1.100.Final]
	at io.netty.channel.nio.NioEventLoop.processSelectedKeys(NioEventLoop.java:650) ~[netty-transport-4.1.100.Final.jar:4.1.100.Final]
	at io.netty.channel.nio.NioEventLoop.run(NioEventLoop.java:562) ~[netty-transport-4.1.100.Final.jar:4.1.100.Final]
	at io.netty.util.concurrent.SingleThreadEventExecutor$4.run(SingleThreadEventExecutor.java:997) ~[netty-common-4.1.100.Final.jar:4.1.100.Final]
	at io.netty.util.internal.ThreadExecutorMap$2.run(ThreadExecutorMap.java:74) ~[netty-common-4.1.100.Final.jar:4.1.100.Final]
	at io.netty.util.concurrent.FastThreadLocalRunnable.run(FastThreadLocalRunnable.java:30) ~[netty-common-4.1.100.Final.jar:4.1.100.Final]
	at java.base/java.lang.Thread.run(Thread.java:833) ~[na:na]

2024-01-22T21:22:27.806Z  WARN 10856 --- [cHttpClient-1-4] o.openqa.selenium.remote.http.WebSocket  : Connection reset

java.net.SocketException: Connection reset
	at java.base/sun.nio.ch.SocketChannelImpl.throwConnectionReset(SocketChannelImpl.java:394) ~[na:na]
	at java.base/sun.nio.ch.SocketChannelImpl.read(SocketChannelImpl.java:426) ~[na:na]
	at io.netty.buffer.PooledByteBuf.setBytes(PooledByteBuf.java:254) ~[netty-buffer-4.1.100.Final.jar:4.1.100.Final]
	at io.netty.buffer.AbstractByteBuf.writeBytes(AbstractByteBuf.java:1132) ~[netty-buffer-4.1.100.Final.jar:4.1.100.Final]
	at io.netty.channel.socket.nio.NioSocketChannel.doReadBytes(NioSocketChannel.java:357) ~[netty-transport-4.1.100.Final.jar:4.1.100.Final]
	at io.netty.channel.nio.AbstractNioByteChannel$NioByteUnsafe.read(AbstractNioByteChannel.java:151) ~[netty-transport-4.1.100.Final.jar:4.1.100.Final]
	at io.netty.channel.nio.NioEventLoop.processSelectedKey(NioEventLoop.java:788) ~[netty-transport-4.1.100.Final.jar:4.1.100.Final]
	at io.netty.channel.nio.NioEventLoop.processSelectedKeysOptimized(NioEventLoop.java:724) ~[netty-transport-4.1.100.Final.jar:4.1.100.Final]
	at io.netty.channel.nio.NioEventLoop.processSelectedKeys(NioEventLoop.java:650) ~[netty-transport-4.1.100.Final.jar:4.1.100.Final]
	at io.netty.channel.nio.NioEventLoop.run(NioEventLoop.java:562) ~[netty-transport-4.1.100.Final.jar:4.1.100.Final]
	at io.netty.util.concurrent.SingleThreadEventExecutor$4.run(SingleThreadEventExecutor.java:997) ~[netty-common-4.1.100.Final.jar:4.1.100.Final]
	at io.netty.util.internal.ThreadExecutorMap$2.run(ThreadExecutorMap.java:74) ~[netty-common-4.1.100.Final.jar:4.1.100.Final]
	at io.netty.util.concurrent.FastThreadLocalRunnable.run(FastThreadLocalRunnable.java:30) ~[netty-common-4.1.100.Final.jar:4.1.100.Final]
	at java.base/java.lang.Thread.run(Thread.java:833) ~[na:na]

2024-01-22T21:22:27.916Z  INFO 10856 --- [    Test worker] i.g.bonigarcia.wdm.WebDriverManager      : Using chromedriver 120.0.6099.109 (resolved driver for Chrome 120)
2024-01-22T21:22:27.928Z  INFO 10856 --- [    Test worker] i.g.bonigarcia.wdm.WebDriverManager      : Exporting webdriver.chrome.driver as C:\Users\c22123521\.cache\selenium\chromedriver\win64\120.0.6099.109\chromedriver.exe
2024-01-22T21:22:28.888Z  INFO 10856 --- [o-auto-1-exec-1] u.a.c.p.i.p.s.WorkshopsServiceImpl       : Workshop SEARCH ALL.
2024-01-22T21:22:28.890Z  INFO 10856 --- [o-auto-1-exec-1] u.a.c.p.i.p.s.LevelsServiceImpl          : Levels SEARCH ALL.
2024-01-22T21:22:29.242Z  INFO 10856 --- [o-auto-1-exec-3] u.a.c.p.i.p.s.WorkshopsServiceImpl       : Workshop SEARCH ALL.
2024-01-22T21:22:29.248Z  INFO 10856 --- [o-auto-1-exec-3] u.a.c.p.i.p.s.LevelsServiceImpl          : Levels SEARCH ALL.
2024-01-22T21:22:29.996Z  WARN 10856 --- [o-auto-1-exec-5] u.a.c.phoenix.ilm.security.PasswordUtil  : Hashing took 525mscomplexity is too low
2024-01-22T21:22:30.000Z  INFO 10856 --- [o-auto-1-exec-5] u.a.c.p.i.u.s.RolePermissionServiceImpl  : User logged in. User: admin@example.com
2024-01-22T21:22:30.010Z  INFO 10856 --- [o-auto-1-exec-6] u.a.c.p.i.p.s.WorkshopsServiceImpl       : Workshop SEARCH ALL.
2024-01-22T21:22:30.012Z  INFO 10856 --- [o-auto-1-exec-6] u.a.c.p.i.p.s.LevelsServiceImpl          : Levels SEARCH ALL.
2024-01-22T21:22:30.161Z  INFO 10856 --- [o-auto-1-exec-8] u.a.c.p.i.p.s.WorkshopsServiceImpl       : Workshop SEARCH ALL.
2024-01-22T21:22:30.163Z  INFO 10856 --- [o-auto-1-exec-8] u.a.c.p.i.p.s.LevelsServiceImpl          : Levels SEARCH ALL.
2024-01-22T21:22:30.164Z  INFO 10856 --- [o-auto-1-exec-8] u.a.c.p.i.p.s.WorkshopsServiceImpl       : Workshop SEARCH. Level number: 5
2024-01-22T21:22:30.420Z  INFO 10856 --- [    Test worker] i.g.bonigarcia.wdm.WebDriverManager      : Using chromedriver 120.0.6099.109 (resolved driver for Chrome 120)
2024-01-22T21:22:30.423Z  INFO 10856 --- [    Test worker] i.g.bonigarcia.wdm.WebDriverManager      : Exporting webdriver.chrome.driver as C:\Users\c22123521\.cache\selenium\chromedriver\win64\120.0.6099.109\chromedriver.exe
2024-01-22T21:22:31.418Z  INFO 10856 --- [o-auto-1-exec-1] u.a.c.p.i.p.s.WorkshopsServiceImpl       : Workshop SEARCH ALL.
2024-01-22T21:22:31.422Z  INFO 10856 --- [o-auto-1-exec-1] u.a.c.p.i.p.s.LevelsServiceImpl          : Levels SEARCH ALL.
2024-01-22T21:22:31.783Z  INFO 10856 --- [o-auto-1-exec-3] u.a.c.p.i.p.s.WorkshopsServiceImpl       : Workshop SEARCH ALL.
2024-01-22T21:22:31.785Z  INFO 10856 --- [o-auto-1-exec-3] u.a.c.p.i.p.s.LevelsServiceImpl          : Levels SEARCH ALL.
2024-01-22T21:22:32.677Z  WARN 10856 --- [o-auto-1-exec-5] u.a.c.phoenix.ilm.security.PasswordUtil  : Hashing took 636mscomplexity is too low
2024-01-22T21:22:32.678Z  INFO 10856 --- [o-auto-1-exec-5] u.a.c.p.i.u.s.RolePermissionServiceImpl  : User logged in. User: admin@example.com
2024-01-22T21:22:32.682Z  INFO 10856 --- [o-auto-1-exec-6] u.a.c.p.i.p.s.WorkshopsServiceImpl       : Workshop SEARCH ALL.
2024-01-22T21:22:32.684Z  INFO 10856 --- [o-auto-1-exec-6] u.a.c.p.i.p.s.LevelsServiceImpl          : Levels SEARCH ALL.
2024-01-22T21:22:32.855Z  INFO 10856 --- [o-auto-1-exec-8] u.a.c.p.i.p.s.WorkshopsServiceImpl       : Workshop SEARCH ALL.
2024-01-22T21:22:32.860Z  INFO 10856 --- [o-auto-1-exec-8] u.a.c.p.i.p.s.LevelsServiceImpl          : Levels SEARCH ALL.
2024-01-22T21:22:32.861Z  INFO 10856 --- [o-auto-1-exec-8] u.a.c.p.i.p.s.WorkshopsServiceImpl       : Workshop SEARCH. Level number: 3
2024-01-22T21:22:41.112Z  INFO 10856 --- [-auto-1-exec-10] u.a.c.p.i.p.s.WorkshopsServiceImpl       : Workshop SEARCH ALL.
2024-01-22T21:22:41.114Z  INFO 10856 --- [-auto-1-exec-10] u.a.c.p.i.p.s.LevelsServiceImpl          : Levels SEARCH ALL.
2024-01-22T21:22:41.115Z  INFO 10856 --- [-auto-1-exec-10] u.a.c.p.i.p.s.WorkshopsServiceImpl       : Workshop SEARCH. Level number: 5
2024-01-22T21:22:41.237Z  INFO 10856 --- [o-auto-1-exec-2] u.a.c.p.i.p.s.WorkshopsServiceImpl       : Workshop SEARCH ALL.
2024-01-22T21:22:41.239Z  INFO 10856 --- [o-auto-1-exec-2] u.a.c.p.i.p.s.LevelsServiceImpl          : Levels SEARCH ALL.
2024-01-22T21:22:41.240Z  INFO 10856 --- [o-auto-1-exec-2] u.a.c.p.i.p.s.WorkshopsServiceImpl       : Workshop SEARCH. Workshop ID: 1
2024-01-22T21:22:41.248Z  WARN 10856 --- [o-auto-1-exec-2] actStandardFragmentInsertionTagProcessor : [THYMELEAF][http-nio-auto-1-exec-2][workshops/workshopsList] Deprecated unwrapped fragment expression "base-template :: navbar" found in template workshops/workshopsList, line 8, col 6. Please use the complete syntax of fragment expressions instead ("~{base-template :: navbar}"). The old, unwrapped syntax for fragment expressions will be removed in future versions of Thymeleaf.
2024-01-22T21:22:41.371Z  INFO 10856 --- [o-auto-1-exec-4] u.a.c.p.i.p.s.WorkshopsServiceImpl       : Workshop SEARCH ALL.
2024-01-22T21:22:41.372Z  INFO 10856 --- [o-auto-1-exec-4] u.a.c.p.i.p.s.LevelsServiceImpl          : Levels SEARCH ALL.
2024-01-22T21:22:41.374Z  INFO 10856 --- [o-auto-1-exec-4] u.a.c.p.i.p.s.WorkshopsServiceImpl       : Workshop SEARCH. Workshop ID: 2
2024-01-22T21:22:41.374Z  WARN 10856 --- [o-auto-1-exec-4] actStandardFragmentInsertionTagProcessor : [THYMELEAF][http-nio-auto-1-exec-4][workshops/workshopsList] Deprecated unwrapped fragment expression "base-template :: navbar" found in template workshops/workshopsList, line 8, col 6. Please use the complete syntax of fragment expressions instead ("~{base-template :: navbar}"). The old, unwrapped syntax for fragment expressions will be removed in future versions of Thymeleaf.
2024-01-22T21:22:41.509Z  INFO 10856 --- [o-auto-1-exec-6] u.a.c.p.i.p.s.WorkshopsServiceImpl       : Workshop SEARCH ALL.
2024-01-22T21:22:41.511Z  INFO 10856 --- [o-auto-1-exec-6] u.a.c.p.i.p.s.LevelsServiceImpl          : Levels SEARCH ALL.
2024-01-22T21:22:41.512Z  INFO 10856 --- [o-auto-1-exec-6] u.a.c.p.i.p.s.WorkshopsServiceImpl       : Workshop SEARCH. Workshop ID: 3
2024-01-22T21:22:41.513Z  WARN 10856 --- [o-auto-1-exec-6] actStandardFragmentInsertionTagProcessor : [THYMELEAF][http-nio-auto-1-exec-6][workshops/workshopsList] Deprecated unwrapped fragment expression "base-template :: navbar" found in template workshops/workshopsList, line 8, col 6. Please use the complete syntax of fragment expressions instead ("~{base-template :: navbar}"). The old, unwrapped syntax for fragment expressions will be removed in future versions of Thymeleaf.
2024-01-22T21:22:41.685Z  INFO 10856 --- [o-auto-1-exec-8] u.a.c.p.i.p.s.WorkshopsServiceImpl       : Workshop SEARCH ALL.
2024-01-22T21:22:41.687Z  INFO 10856 --- [o-auto-1-exec-8] u.a.c.p.i.p.s.LevelsServiceImpl          : Levels SEARCH ALL.
2024-01-22T21:22:41.688Z  INFO 10856 --- [o-auto-1-exec-8] u.a.c.p.i.p.s.WorkshopsServiceImpl       : Workshop SEARCH. Workshop ID: 4
2024-01-22T21:22:41.690Z  WARN 10856 --- [o-auto-1-exec-8] actStandardFragmentInsertionTagProcessor : [THYMELEAF][http-nio-auto-1-exec-8][workshops/workshopsList] Deprecated unwrapped fragment expression "base-template :: navbar" found in template workshops/workshopsList, line 8, col 6. Please use the complete syntax of fragment expressions instead ("~{base-template :: navbar}"). The old, unwrapped syntax for fragment expressions will be removed in future versions of Thymeleaf.
2024-01-22T21:22:41.821Z  INFO 10856 --- [-auto-1-exec-10] u.a.c.p.i.p.s.WorkshopsServiceImpl       : Workshop SEARCH ALL.
2024-01-22T21:22:41.823Z  INFO 10856 --- [-auto-1-exec-10] u.a.c.p.i.p.s.LevelsServiceImpl          : Levels SEARCH ALL.
2024-01-22T21:22:41.824Z  INFO 10856 --- [-auto-1-exec-10] u.a.c.p.i.p.s.WorkshopsServiceImpl       : Workshop SEARCH. Workshop ID: 5
2024-01-22T21:22:41.825Z  WARN 10856 --- [-auto-1-exec-10] actStandardFragmentInsertionTagProcessor : [THYMELEAF][http-nio-auto-1-exec-10][workshops/workshopsList] Deprecated unwrapped fragment expression "base-template :: navbar" found in template workshops/workshopsList, line 8, col 6. Please use the complete syntax of fragment expressions instead ("~{base-template :: navbar}"). The old, unwrapped syntax for fragment expressions will be removed in future versions of Thymeleaf.
2024-01-22T21:22:41.937Z  INFO 10856 --- [o-auto-1-exec-2] u.a.c.p.i.p.s.WorkshopsServiceImpl       : Workshop SEARCH ALL.
2024-01-22T21:22:41.939Z  INFO 10856 --- [o-auto-1-exec-2] u.a.c.p.i.p.s.LevelsServiceImpl          : Levels SEARCH ALL.
2024-01-22T21:22:41.941Z  INFO 10856 --- [o-auto-1-exec-2] u.a.c.p.i.p.s.WorkshopsServiceImpl       : Workshop SEARCH. Workshop ID: 6
2024-01-22T21:22:41.942Z  WARN 10856 --- [o-auto-1-exec-2] actStandardFragmentInsertionTagProcessor : [THYMELEAF][http-nio-auto-1-exec-2][workshops/workshopsList] Deprecated unwrapped fragment expression "base-template :: navbar" found in template workshops/workshopsList, line 8, col 6. Please use the complete syntax of fragment expressions instead ("~{base-template :: navbar}"). The old, unwrapped syntax for fragment expressions will be removed in future versions of Thymeleaf.
2024-01-22T21:22:42.049Z  INFO 10856 --- [o-auto-1-exec-4] u.a.c.p.i.p.s.WorkshopsServiceImpl       : Workshop SEARCH ALL.
2024-01-22T21:22:42.051Z  INFO 10856 --- [o-auto-1-exec-4] u.a.c.p.i.p.s.LevelsServiceImpl          : Levels SEARCH ALL.
2024-01-22T21:22:42.051Z  INFO 10856 --- [o-auto-1-exec-4] u.a.c.p.i.p.s.WorkshopsServiceImpl       : Workshop SEARCH. Workshop ID: 7
2024-01-22T21:22:42.053Z  WARN 10856 --- [o-auto-1-exec-4] actStandardFragmentInsertionTagProcessor : [THYMELEAF][http-nio-auto-1-exec-4][workshops/workshopsList] Deprecated unwrapped fragment expression "base-template :: navbar" found in template workshops/workshopsList, line 8, col 6. Please use the complete syntax of fragment expressions instead ("~{base-template :: navbar}"). The old, unwrapped syntax for fragment expressions will be removed in future versions of Thymeleaf.
2024-01-22T21:22:42.175Z  INFO 10856 --- [o-auto-1-exec-6] u.a.c.p.i.p.s.WorkshopsServiceImpl       : Workshop SEARCH ALL.
2024-01-22T21:22:42.177Z  INFO 10856 --- [o-auto-1-exec-6] u.a.c.p.i.p.s.LevelsServiceImpl          : Levels SEARCH ALL.
2024-01-22T21:22:42.177Z  INFO 10856 --- [o-auto-1-exec-6] u.a.c.p.i.p.s.WorkshopsServiceImpl       : Workshop SEARCH. Workshop ID: 8
2024-01-22T21:22:42.179Z  WARN 10856 --- [o-auto-1-exec-6] actStandardFragmentInsertionTagProcessor : [THYMELEAF][http-nio-auto-1-exec-6][workshops/workshopsList] Deprecated unwrapped fragment expression "base-template :: navbar" found in template workshops/workshopsList, line 8, col 6. Please use the complete syntax of fragment expressions instead ("~{base-template :: navbar}"). The old, unwrapped syntax for fragment expressions will be removed in future versions of Thymeleaf.
2024-01-22T21:22:42.282Z  INFO 10856 --- [o-auto-1-exec-8] u.a.c.p.i.p.s.WorkshopsServiceImpl       : Workshop SEARCH ALL.
2024-01-22T21:22:42.283Z  INFO 10856 --- [o-auto-1-exec-8] u.a.c.p.i.p.s.LevelsServiceImpl          : Levels SEARCH ALL.
2024-01-22T21:22:42.284Z  INFO 10856 --- [o-auto-1-exec-8] u.a.c.p.i.p.s.WorkshopsServiceImpl       : Workshop SEARCH. Workshop ID: 8
2024-01-22T21:22:42.284Z  WARN 10856 --- [o-auto-1-exec-8] actStandardFragmentInsertionTagProcessor : [THYMELEAF][http-nio-auto-1-exec-8][workshops/workshopsList] Deprecated unwrapped fragment expression "base-template :: navbar" found in template workshops/workshopsList, line 8, col 6. Please use the complete syntax of fragment expressions instead ("~{base-template :: navbar}"). The old, unwrapped syntax for fragment expressions will be removed in future versions of Thymeleaf.
2024-01-22T21:22:42.400Z  INFO 10856 --- [-auto-1-exec-10] u.a.c.p.i.p.s.WorkshopsServiceImpl       : Workshop SEARCH ALL.
2024-01-22T21:22:42.401Z  INFO 10856 --- [-auto-1-exec-10] u.a.c.p.i.p.s.LevelsServiceImpl          : Levels SEARCH ALL.
2024-01-22T21:22:42.402Z  INFO 10856 --- [-auto-1-exec-10] u.a.c.p.i.p.s.WorkshopsServiceImpl       : Workshop SEARCH. Workshop ID: 9
2024-01-22T21:22:42.403Z  WARN 10856 --- [-auto-1-exec-10] actStandardFragmentInsertionTagProcessor : [THYMELEAF][http-nio-auto-1-exec-10][workshops/workshopsList] Deprecated unwrapped fragment expression "base-template :: navbar" found in template workshops/workshopsList, line 8, col 6. Please use the complete syntax of fragment expressions instead ("~{base-template :: navbar}"). The old, unwrapped syntax for fragment expressions will be removed in future versions of Thymeleaf.
2024-01-22T21:22:42.506Z  INFO 10856 --- [o-auto-1-exec-2] u.a.c.p.i.p.s.WorkshopsServiceImpl       : Workshop SEARCH ALL.
2024-01-22T21:22:42.508Z  INFO 10856 --- [o-auto-1-exec-2] u.a.c.p.i.p.s.LevelsServiceImpl          : Levels SEARCH ALL.
2024-01-22T21:22:42.508Z  INFO 10856 --- [o-auto-1-exec-2] u.a.c.p.i.p.s.WorkshopsServiceImpl       : Workshop SEARCH. Workshop ID: 10
2024-01-22T21:22:42.510Z  WARN 10856 --- [o-auto-1-exec-2] actStandardFragmentInsertionTagProcessor : [THYMELEAF][http-nio-auto-1-exec-2][workshops/workshopsList] Deprecated unwrapped fragment expression "base-template :: navbar" found in template workshops/workshopsList, line 8, col 6. Please use the complete syntax of fragment expressions instead ("~{base-template :: navbar}"). The old, unwrapped syntax for fragment expressions will be removed in future versions of Thymeleaf.
Workshop and Level Navigation Test Passed
]]></system-out>
  <system-err><![CDATA[Starting ChromeDriver 120.0.6099.109 (3419140ab665596f21b385ce136419fde0924272-refs/branch-heads/6099@{#1483}) on port 23254
Only local connections are allowed.
Please see https://chromedriver.chromium.org/security-considerations for suggestions on keeping ChromeDriver safe.
ChromeDriver was started successfully.
Starting ChromeDriver 120.0.6099.109 (3419140ab665596f21b385ce136419fde0924272-refs/branch-heads/6099@{#1483}) on port 15243
Only local connections are allowed.
Please see https://chromedriver.chromium.org/security-considerations for suggestions on keeping ChromeDriver safe.
ChromeDriver was started successfully.
Starting ChromeDriver 120.0.6099.109 (3419140ab665596f21b385ce136419fde0924272-refs/branch-heads/6099@{#1483}) on port 4885
Only local connections are allowed.
Please see https://chromedriver.chromium.org/security-considerations for suggestions on keeping ChromeDriver safe.
ChromeDriver was started successfully.
]]></system-err>
</testsuite>
