<?xml version="1.0" encoding="UTF-8"?>
<testsuite name="uk.ac.cardiff.phoenix.ilm.selenium.TestSeleniumDownloadReport" tests="1" skipped="0" failures="0" errors="0" timestamp="2024-01-22T21:23:00" hostname="DSA10F60A8A6F79" time="10.701">
  <properties/>
  <testcase name="downloadReport()" classname="uk.ac.cardiff.phoenix.ilm.selenium.TestSeleniumDownloadReport" time="10.701"/>
  <system-out><![CDATA[2024-01-22T21:22:52.684Z  INFO 10856 --- [    Test worker] t.c.s.AnnotationConfigContextLoaderUtils : Could not detect default configuration classes for test class [uk.ac.cardiff.phoenix.ilm.selenium.TestSeleniumDownloadReport]: TestSeleniumDownloadReport does not declare any static, non-private, non-final, nested classes annotated with @Configuration.
2024-01-22T21:22:52.685Z  INFO 10856 --- [    Test worker] .b.t.c.SpringBootTestContextBootstrapper : Found @SpringBootConfiguration uk.ac.cardiff.phoenix.ilm.IlmApplication for test class uk.ac.cardiff.phoenix.ilm.selenium.TestSeleniumDownloadReport

  .   ____          _            __ _ _
 /\\ / ___'_ __ _ _(_)_ __  __ _ \ \ \ \
( ( )\___ | '_ | '_| | '_ \/ _` | \ \ \ \
 \\/  ___)| |_)| | | | | || (_| |  ) ) ) )
  '  |____| .__|_| |_|_| |_\__, | / / / /
 =========|_|==============|___/=/_/_/_/
 :: Spring Boot ::                (v3.1.5)

2024-01-22T21:22:52.713Z  INFO 10856 --- [    Test worker] u.a.c.p.i.s.TestSeleniumDownloadReport   : Starting TestSeleniumDownloadReport using Java 17.0.6 with PID 10856 (started by c22123521 in C:\Users\c22123521\Projects\year-2-team-phoenix-22123521)
2024-01-22T21:22:52.713Z DEBUG 10856 --- [    Test worker] u.a.c.p.i.s.TestSeleniumDownloadReport   : Running with Spring Boot v3.1.5, Spring v6.0.13
2024-01-22T21:22:52.713Z  INFO 10856 --- [    Test worker] u.a.c.p.i.s.TestSeleniumDownloadReport   : The following 1 profile is active: "dev"
2024-01-22T21:22:53.078Z  INFO 10856 --- [    Test worker] .s.d.r.c.RepositoryConfigurationDelegate : Bootstrapping Spring Data JPA repositories in DEFAULT mode.
2024-01-22T21:22:53.155Z  INFO 10856 --- [    Test worker] .s.d.r.c.RepositoryConfigurationDelegate : Finished Spring Data repository scanning in 75 ms. Found 9 JPA repository interfaces.
2024-01-22T21:22:53.218Z  INFO 10856 --- [    Test worker] o.s.b.w.embedded.tomcat.TomcatWebServer  : Tomcat initialized with port(s): 0 (http)
2024-01-22T21:22:53.219Z  INFO 10856 --- [    Test worker] o.apache.catalina.core.StandardService   : Starting service [Tomcat]
2024-01-22T21:22:53.220Z  INFO 10856 --- [    Test worker] o.apache.catalina.core.StandardEngine    : Starting Servlet engine: [Apache Tomcat/10.1.15]
2024-01-22T21:22:53.272Z  INFO 10856 --- [    Test worker] o.a.c.c.C.[Tomcat].[localhost].[/]       : Initializing Spring embedded WebApplicationContext
2024-01-22T21:22:53.272Z  INFO 10856 --- [    Test worker] w.s.c.ServletWebServerApplicationContext : Root WebApplicationContext: initialization completed in 557 ms
2024-01-22T21:22:53.315Z  INFO 10856 --- [    Test worker] o.hibernate.jpa.internal.util.LogHelper  : HHH000204: Processing PersistenceUnitInfo [name: default]
2024-01-22T21:22:53.334Z  INFO 10856 --- [    Test worker] o.h.e.boot.internal.EnversServiceImpl    : Envers integration enabled? : true
2024-01-22T21:22:53.342Z  INFO 10856 --- [    Test worker] o.s.o.j.p.SpringPersistenceUnitInfo      : No LoadTimeWeaver setup: ignoring JPA class transformer
2024-01-22T21:22:53.343Z  INFO 10856 --- [    Test worker] com.zaxxer.hikari.HikariDataSource       : HikariPool-12 - Starting...
2024-01-22T21:22:53.346Z  INFO 10856 --- [    Test worker] com.zaxxer.hikari.pool.HikariPool        : HikariPool-12 - Added connection org.mariadb.jdbc.Connection@439d8045
2024-01-22T21:22:53.347Z  INFO 10856 --- [    Test worker] com.zaxxer.hikari.HikariDataSource       : HikariPool-12 - Start completed.
2024-01-22T21:22:53.379Z  INFO 10856 --- [    Test worker] o.h.e.c.i.m.AuditMetadataGenerator       : Adding properties for entity: uk.ac.cardiff.phoenix.ilm.users.model.UserRole
2024-01-22T21:22:53.381Z  INFO 10856 --- [    Test worker] o.h.e.c.i.m.AuditMetadataGenerator       : Adding properties for entity: uk.ac.cardiff.phoenix.ilm.programs.model.Workshop
2024-01-22T21:22:53.382Z  INFO 10856 --- [    Test worker] o.h.e.c.i.m.AuditMetadataGenerator       : Adding properties for entity: uk.ac.cardiff.phoenix.ilm.programs.model.Homework
2024-01-22T21:22:53.382Z  INFO 10856 --- [    Test worker] o.h.e.c.i.m.AuditMetadataGenerator       : Adding properties for entity: uk.ac.cardiff.phoenix.ilm.users.model.User
2024-01-22T21:22:53.382Z  INFO 10856 --- [    Test worker] o.h.e.c.i.m.AuditMetadataGenerator       : Adding properties for entity: uk.ac.cardiff.phoenix.ilm.programs.model.Level
2024-01-22T21:22:53.382Z  INFO 10856 --- [    Test worker] o.h.e.c.i.m.AuditMetadataGenerator       : Adding properties for entity: uk.ac.cardiff.phoenix.ilm.model.UploadedFile
2024-01-22T21:22:53.382Z  INFO 10856 --- [    Test worker] o.h.e.c.i.m.AuditMetadataGenerator       : Adding properties for entity: uk.ac.cardiff.phoenix.ilm.model.Candidate
2024-01-22T21:22:53.383Z  INFO 10856 --- [    Test worker] o.h.e.c.i.m.AuditMetadataGenerator       : Adding properties for entity: uk.ac.cardiff.phoenix.ilm.programs.model.Event
2024-01-22T21:22:53.383Z  INFO 10856 --- [    Test worker] o.h.e.c.i.m.AuditMetadataGenerator       : Adding properties for entity: uk.ac.cardiff.phoenix.ilm.users.model.RolePermission
2024-01-22T21:22:53.494Z  INFO 10856 --- [    Test worker] o.h.e.t.j.p.i.JtaPlatformInitiator       : HHH000489: No JTA platform available (set 'hibernate.transaction.jta.platform' to enable JTA platform integration)
2024-01-22T21:22:57.940Z  INFO 10856 --- [    Test worker] j.LocalContainerEntityManagerFactoryBean : Initialized JPA EntityManagerFactory for persistence unit 'default'
2024-01-22T21:22:58.118Z  INFO 10856 --- [    Test worker] u.a.c.p.i.u.s.RolePermissionServiceImpl  : Access DENIED handler invoked
2024-01-22T21:22:58.131Z  WARN 10856 --- [    Test worker] JpaBaseConfiguration$JpaWebConfiguration : spring.jpa.open-in-view is enabled by default. Therefore, database queries may be performed during view rendering. Explicitly configure spring.jpa.open-in-view to disable this warning
2024-01-22T21:22:58.191Z  INFO 10856 --- [    Test worker] o.s.s.web.DefaultSecurityFilterChain     : Will secure any request with [org.springframework.security.web.session.DisableEncodeUrlFilter@7b014de9, org.springframework.security.web.context.request.async.WebAsyncManagerIntegrationFilter@68201bab, org.springframework.security.web.context.SecurityContextHolderFilter@78e44051, org.springframework.security.web.header.HeaderWriterFilter@4826801, org.springframework.security.web.csrf.CsrfFilter@f552d42, org.springframework.security.web.authentication.logout.LogoutFilter@539e2953, org.springframework.security.web.authentication.UsernamePasswordAuthenticationFilter@62bee237, org.springframework.security.web.savedrequest.RequestCacheAwareFilter@5e7d4d32, org.springframework.security.web.servletapi.SecurityContextHolderAwareRequestFilter@1e77b741, org.springframework.security.web.authentication.AnonymousAuthenticationFilter@30790047, org.springframework.security.web.access.ExceptionTranslationFilter@50d21317, org.springframework.security.web.access.intercept.FilterSecurityInterceptor@2bfe7fef]
2024-01-22T21:22:58.250Z  INFO 10856 --- [    Test worker] o.s.b.w.embedded.tomcat.TomcatWebServer  : Tomcat started on port(s): 55632 (http) with context path ''
2024-01-22T21:22:58.252Z  INFO 10856 --- [    Test worker] u.a.c.p.i.s.TestSeleniumDownloadReport   : Started TestSeleniumDownloadReport in 5.563 seconds (process running for 134.131)
2024-01-22T21:22:58.873Z  WARN 10856 --- [    Test worker] u.a.c.phoenix.ilm.security.PasswordUtil  : Hashing took 537mscomplexity is too low
User(id=1, firstName=John, lastName=Tutor, email=john.tutor@example.com, roles=[UserRole(id=1, role=TUTOR, permissions=[RolePermission(id=1, permission=SCHEDULE_WORKSHOP), RolePermission(id=2, permission=CONFIRM_ATTENDANCE)])], passwordHash=a7db101728157fe2d5ded01a4724082db42368824b69b68b1c17687e3d783b990f3a4c5f0e69614d47a1330be90b8f675d555e7b72b1ecf1217b235c95be44b96e0bf5e2c8a6b7ee720841b57cef4ec9, salt=a7db101728157fe2d5ded01a4724082d)
2024-01-22T21:22:59.575Z  WARN 10856 --- [    Test worker] u.a.c.phoenix.ilm.security.PasswordUtil  : Hashing took 639mscomplexity is too low
User(id=2, firstName=Dan, lastName=Admin, email=admin@example.com, roles=[UserRole(id=2, role=ADMIN, permissions=[RolePermission(id=4, permission=ADMIN_UPLOAD), RolePermission(id=3, permission=ADMIN)])], passwordHash=b235dcbeb7100b21b22e2030061cc0e8ee2d0f69e2ef99c104f0c912ab06f3d05b8ab1afa6f73762748ffd712dad12b338f36f488028d61e9bda92ff35ab1128a77e4fd8d7298800f240a0443e14bfe3, salt=b235dcbeb7100b21b22e2030061cc0e8)
2024-01-22T21:23:00.272Z  WARN 10856 --- [    Test worker] u.a.c.phoenix.ilm.security.PasswordUtil  : Hashing took 654mscomplexity is too low
User(id=3, firstName=John, lastName=SU, email=su@su.com, roles=[UserRole(id=3, role=SU, permissions=[RolePermission(id=5, permission=SU)])], passwordHash=1bd1a2f56af3817023c87577194e0625b1c99f762de2ac1f88c0772ccd439a9c1efdc54d5c5c5473e45504cf806e41429390f9f1680bee594f6ccce909b48c851b8ac7d9507da2c838b319191c291224, salt=1bd1a2f56af3817023c87577194e0625)
2024-01-22T21:23:00.312Z  INFO 10856 --- [    Test worker] u.a.c.p.i.p.s.LevelsServiceImpl          : Level SAVED. Level: Level 3
2024-01-22T21:23:00.317Z  INFO 10856 --- [    Test worker] u.a.c.p.i.p.s.LevelsServiceImpl          : Level SAVED. Level: Level 5
Added Levels
2024-01-22T21:23:00.317Z  INFO 10856 --- [    Test worker] u.a.c.p.i.p.s.LevelsServiceImpl          : Level SEARCH. Level number: 3
2024-01-22T21:23:00.327Z  INFO 10856 --- [    Test worker] u.a.c.p.i.p.s.LevelsServiceImpl          : Level SEARCH. Level number: 5
2024-01-22T21:23:00.343Z  INFO 10856 --- [    Test worker] u.a.c.p.i.p.s.WorkshopsServiceImpl       : ADD Workshop SUCCESS. Workshop: Understanding Leadership
2024-01-22T21:23:00.351Z  INFO 10856 --- [    Test worker] u.a.c.p.i.p.s.WorkshopsServiceImpl       : ADD Workshop SUCCESS. Workshop: Building Effective Teams
2024-01-22T21:23:00.357Z  INFO 10856 --- [    Test worker] u.a.c.p.i.p.s.WorkshopsServiceImpl       : ADD Workshop SUCCESS. Workshop: Understanding Stress Management
2024-01-22T21:23:00.364Z  INFO 10856 --- [    Test worker] u.a.c.p.i.p.s.WorkshopsServiceImpl       : ADD Workshop SUCCESS. Workshop: Planning Change in the Workplace
2024-01-22T21:23:00.370Z  INFO 10856 --- [    Test worker] u.a.c.p.i.p.s.WorkshopsServiceImpl       : ADD Workshop SUCCESS. Workshop: Solving Problems & Making Decisions
2024-01-22T21:23:00.377Z  INFO 10856 --- [    Test worker] u.a.c.p.i.p.s.WorkshopsServiceImpl       : ADD Workshop SUCCESS. Workshop: Managing Workplace Projects
2024-01-22T21:23:00.384Z  INFO 10856 --- [    Test worker] u.a.c.p.i.p.s.WorkshopsServiceImpl       : ADD Workshop SUCCESS. Workshop: Becoming an Effective Leader 
2024-01-22T21:23:00.390Z  INFO 10856 --- [    Test worker] u.a.c.p.i.p.s.WorkshopsServiceImpl       : ADD Workshop SUCCESS. Workshop: Leading Innovation & Change
2024-01-22T21:23:00.399Z  INFO 10856 --- [    Test worker] u.a.c.p.i.p.s.WorkshopsServiceImpl       : ADD Workshop SUCCESS. Workshop: Understanding Organisational Culture
2024-01-22T21:23:00.406Z  INFO 10856 --- [    Test worker] u.a.c.p.i.p.s.WorkshopsServiceImpl       : ADD Workshop SUCCESS. Workshop: Managing Stress & Conflict
Added Workshops
2024-01-22T21:23:00.415Z  INFO 10856 --- [    Test worker] u.a.c.p.i.s.CandidateServiceImpl         : New Candidate SAVED. Email: johnwick@aol.com
2024-01-22T21:23:00.429Z  INFO 10856 --- [    Test worker] u.a.c.p.i.s.CandidateServiceImpl         : New Candidate SAVED. Email: test1@aol.com
2024-01-22T21:23:00.435Z  INFO 10856 --- [    Test worker] u.a.c.p.i.s.CandidateServiceImpl         : New Candidate SAVED. Email: test2@aol.com
2024-01-22T21:23:00.443Z  INFO 10856 --- [    Test worker] u.a.c.p.i.s.CandidateServiceImpl         : New Candidate SAVED. Email: danieldavis@aol.com
2024-01-22T21:23:00.451Z  INFO 10856 --- [    Test worker] u.a.c.p.i.s.CandidateServiceImpl         : New Candidate SAVED. Email: emilyevans@aol.com
2024-01-22T21:23:00.459Z  INFO 10856 --- [    Test worker] u.a.c.p.i.s.CandidateServiceImpl         : New Candidate SAVED. Email: frankfoster@aol.com
2024-01-22T21:23:00.465Z  INFO 10856 --- [    Test worker] u.a.c.p.i.s.CandidateServiceImpl         : New Candidate SAVED. Email: gracegarrett@aol.com
2024-01-22T21:23:00.473Z  INFO 10856 --- [    Test worker] u.a.c.p.i.s.CandidateServiceImpl         : New Candidate SAVED. Email: henryharrison@aol.com
2024-01-22T21:23:00.479Z  INFO 10856 --- [    Test worker] u.a.c.p.i.s.CandidateServiceImpl         : New Candidate SAVED. Email: isabellaisles@aol.com
2024-01-22T21:23:00.486Z  INFO 10856 --- [    Test worker] u.a.c.p.i.s.CandidateServiceImpl         : New Candidate SAVED. Email: jamesjohnson@aol.com
2024-01-22T21:23:00.494Z  INFO 10856 --- [    Test worker] u.a.c.p.i.s.CandidateServiceImpl         : New Candidate SAVED. Email: katiekenny@aol.com
2024-01-22T21:23:00.501Z  INFO 10856 --- [    Test worker] u.a.c.p.i.s.CandidateServiceImpl         : New Candidate SAVED. Email: lauralewis@aol.com
2024-01-22T21:23:00.508Z  INFO 10856 --- [    Test worker] u.a.c.p.i.s.CandidateServiceImpl         : New Candidate SAVED. Email: michaelmoore@aol.com
2024-01-22T21:23:00.519Z  INFO 10856 --- [    Test worker] u.a.c.p.i.s.CandidateServiceImpl         : New Candidate SAVED. Email: natalienelson@test.com
2024-01-22T21:23:00.528Z  INFO 10856 --- [    Test worker] u.a.c.p.i.s.CandidateServiceImpl         : New Candidate SAVED. Email: peterpark@aol.com
2024-01-22T21:23:00.535Z  INFO 10856 --- [    Test worker] u.a.c.p.i.s.CandidateServiceImpl         : New Candidate SAVED. Email: robertrussell@aol.com
2024-01-22T21:23:00.542Z  INFO 10856 --- [    Test worker] u.a.c.p.i.s.CandidateServiceImpl         : New Candidate SAVED. Email: sarahsmith@aol.com
2024-01-22T21:23:00.549Z  INFO 10856 --- [    Test worker] u.a.c.p.i.s.CandidateServiceImpl         : New Candidate SAVED. Email: thomasthompson@aol.com
2024-01-22T21:23:00.554Z  INFO 10856 --- [    Test worker] u.a.c.p.i.s.CandidateServiceImpl         : New Candidate SAVED. Email: victoriarwalker@aol.com
2024-01-22T21:23:00.561Z  INFO 10856 --- [    Test worker] u.a.c.p.i.s.CandidateServiceImpl         : New Candidate SAVED. Email: williamwilson@aol.com
2024-01-22T21:23:00.569Z  INFO 10856 --- [    Test worker] u.a.c.p.i.s.CandidateServiceImpl         : New Candidate SAVED. Email: xavierxavier@aol.com
2024-01-22T21:23:00.579Z  INFO 10856 --- [    Test worker] u.a.c.p.i.s.CandidateServiceImpl         : New Candidate SAVED. Email: yasminyoung@aol.com
2024-01-22T21:23:00.586Z  INFO 10856 --- [    Test worker] u.a.c.p.i.s.CandidateServiceImpl         : New Candidate SAVED. Email: zachariahzimmerman@aol.com
2024-01-22T21:23:00.593Z  INFO 10856 --- [    Test worker] u.a.c.p.i.s.CandidateServiceImpl         : New Candidate SAVED. Email: amandaanderson@test.com
2024-01-22T21:23:00.600Z  INFO 10856 --- [    Test worker] u.a.c.p.i.s.CandidateServiceImpl         : New Candidate SAVED. Email: brandonbrown@admiralgroup.co.uk
2024-01-22T21:23:00.606Z  INFO 10856 --- [    Test worker] u.a.c.p.i.s.CandidateServiceImpl         : New Candidate SAVED. Email: catherineclark@admiralgroup.co.uk
2024-01-22T21:23:00.615Z  INFO 10856 --- [    Test worker] u.a.c.p.i.s.CandidateServiceImpl         : New Candidate SAVED. Email: daviddavis@test.com
2024-01-22T21:23:00.622Z  INFO 10856 --- [    Test worker] u.a.c.p.i.s.CandidateServiceImpl         : New Candidate SAVED. Email: emilyevans@test.com
2024-01-22T21:23:00.636Z  INFO 10856 --- [    Test worker] u.a.c.p.i.s.CandidateServiceImpl         : New Candidate SAVED. Email: frankfoster@test.com
2024-01-22T21:23:00.648Z  INFO 10856 --- [    Test worker] u.a.c.p.i.s.CandidateServiceImpl         : New Candidate SAVED. Email: gracegarrett@test.com
2024-01-22T21:23:00.655Z  INFO 10856 --- [    Test worker] u.a.c.p.i.s.CandidateServiceImpl         : New Candidate SAVED. Email: henryharrison@test.com
2024-01-22T21:23:00.667Z  INFO 10856 --- [    Test worker] u.a.c.p.i.s.CandidateServiceImpl         : New Candidate SAVED. Email: isabellaives@test.com
2024-01-22T21:23:00.675Z  INFO 10856 --- [    Test worker] u.a.c.p.i.s.CandidateServiceImpl         : New Candidate SAVED. Email: jamesjohnson@test.com
Candidate{id=1, firstName='John', lastName='Wick', dateOfBirth=1970-01-01, payrollNumber=123456, department='IT', role='Security', registrationDate=2023-12-01, registrationNumber=123456, email='johnwick@aol.com', level=null}
Candidate{id=2, firstName='One', lastName='One0', dateOfBirth=1970-01-01, payrollNumber=234567, department='Claims', role='QA Engineer', registrationDate=2023-12-01, registrationNumber=234567, email='test1@aol.com', level=null}
Candidate{id=3, firstName='Two', lastName='Two0', dateOfBirth=1970-01-01, payrollNumber=345678, department='IT', role='QA', registrationDate=2023-12-01, registrationNumber=null, email='test2@aol.com', level=null}
2024-01-22T21:23:00.721Z  INFO 10856 --- [    Test worker] i.g.bonigarcia.wdm.WebDriverManager      : Using chromedriver 120.0.6099.109 (resolved driver for Chrome 120)
2024-01-22T21:23:00.725Z  INFO 10856 --- [    Test worker] i.g.bonigarcia.wdm.WebDriverManager      : Exporting webdriver.chrome.driver as C:\Users\c22123521\.cache\selenium\chromedriver\win64\120.0.6099.109\chromedriver.exe
2024-01-22T21:23:01.728Z  INFO 10856 --- [o-auto-3-exec-1] o.a.c.c.C.[Tomcat].[localhost].[/]       : Initializing Spring DispatcherServlet 'dispatcherServlet'
2024-01-22T21:23:01.728Z  INFO 10856 --- [o-auto-3-exec-1] o.s.web.servlet.DispatcherServlet        : Initializing Servlet 'dispatcherServlet'
2024-01-22T21:23:01.729Z  INFO 10856 --- [o-auto-3-exec-1] o.s.web.servlet.DispatcherServlet        : Completed initialization in 1 ms
2024-01-22T21:23:01.730Z  INFO 10856 --- [o-auto-3-exec-1] u.a.c.p.i.p.s.WorkshopsServiceImpl       : Workshop SEARCH ALL.
2024-01-22T21:23:01.740Z  INFO 10856 --- [o-auto-3-exec-1] u.a.c.p.i.p.s.LevelsServiceImpl          : Levels SEARCH ALL.
2024-01-22T21:23:02.159Z  INFO 10856 --- [o-auto-3-exec-3] u.a.c.p.i.p.s.WorkshopsServiceImpl       : Workshop SEARCH ALL.
2024-01-22T21:23:02.165Z  INFO 10856 --- [o-auto-3-exec-3] u.a.c.p.i.p.s.LevelsServiceImpl          : Levels SEARCH ALL.
2024-01-22T21:23:03.127Z  WARN 10856 --- [o-auto-3-exec-5] u.a.c.phoenix.ilm.security.PasswordUtil  : Hashing took 640mscomplexity is too low
2024-01-22T21:23:03.783Z  WARN 10856 --- [o-auto-3-exec-5] u.a.c.phoenix.ilm.security.PasswordUtil  : Hashing took 651mscomplexity is too low
2024-01-22T21:23:03.784Z  INFO 10856 --- [o-auto-3-exec-5] u.a.c.p.i.u.s.RolePermissionServiceImpl  : User logged in. User: admin@example.com
2024-01-22T21:23:03.787Z  INFO 10856 --- [o-auto-3-exec-6] u.a.c.p.i.p.s.WorkshopsServiceImpl       : Workshop SEARCH ALL.
2024-01-22T21:23:03.791Z  INFO 10856 --- [o-auto-3-exec-6] u.a.c.p.i.p.s.LevelsServiceImpl          : Levels SEARCH ALL.
2024-01-22T21:23:03.913Z  INFO 10856 --- [o-auto-3-exec-8] u.a.c.p.i.p.s.WorkshopsServiceImpl       : Workshop SEARCH ALL.
2024-01-22T21:23:03.917Z  INFO 10856 --- [o-auto-3-exec-8] u.a.c.p.i.p.s.LevelsServiceImpl          : Levels SEARCH ALL.
2024-01-22T21:23:04.027Z  INFO 10856 --- [-auto-3-exec-10] u.a.c.p.i.p.s.WorkshopsServiceImpl       : Workshop SEARCH ALL.
2024-01-22T21:23:04.031Z  INFO 10856 --- [-auto-3-exec-10] u.a.c.p.i.p.s.LevelsServiceImpl          : Levels SEARCH ALL.
2024-01-22T21:23:04.117Z  INFO 10856 --- [o-auto-3-exec-2] u.a.c.p.i.p.s.WorkshopsServiceImpl       : Workshop SEARCH ALL.
2024-01-22T21:23:04.121Z  INFO 10856 --- [o-auto-3-exec-2] u.a.c.p.i.p.s.LevelsServiceImpl          : Levels SEARCH ALL.
2024-01-22T21:23:04.266Z  INFO 10856 --- [o-auto-3-exec-4] u.a.c.p.i.p.s.WorkshopsServiceImpl       : Workshop SEARCH ALL.
2024-01-22T21:23:04.271Z  INFO 10856 --- [o-auto-3-exec-4] u.a.c.p.i.p.s.LevelsServiceImpl          : Levels SEARCH ALL.
2024-01-22T21:23:04.362Z  INFO 10856 --- [o-auto-3-exec-5] u.a.c.p.i.p.s.WorkshopsServiceImpl       : Workshop SEARCH ALL.
2024-01-22T21:23:04.367Z  INFO 10856 --- [o-auto-3-exec-5] u.a.c.p.i.p.s.LevelsServiceImpl          : Levels SEARCH ALL.
2024-01-22T21:23:04.523Z  INFO 10856 --- [o-auto-3-exec-7] u.a.c.p.i.p.s.WorkshopsServiceImpl       : Workshop SEARCH ALL.
2024-01-22T21:23:04.527Z  INFO 10856 --- [o-auto-3-exec-7] u.a.c.p.i.p.s.LevelsServiceImpl          : Levels SEARCH ALL.
2024-01-22T21:23:04.528Z  INFO 10856 --- [o-auto-3-exec-7] u.a.c.p.i.s.UploadedFileServiceImpl      : File GET ALL.
2024-01-22T21:23:04.664Z  INFO 10856 --- [o-auto-3-exec-9] u.a.c.p.i.p.s.WorkshopsServiceImpl       : Workshop SEARCH ALL.
2024-01-22T21:23:04.668Z  INFO 10856 --- [o-auto-3-exec-9] u.a.c.p.i.p.s.LevelsServiceImpl          : Levels SEARCH ALL.
2024-01-22T21:23:04.670Z  INFO 10856 --- [o-auto-3-exec-9] u.a.c.p.i.s.UploadedFileServiceImpl      : File SEARCH. File ID: 5
2024-01-22T21:23:04.686Z  INFO 10856 --- [-auto-3-exec-10] u.a.c.p.i.p.s.WorkshopsServiceImpl       : Workshop SEARCH ALL.
2024-01-22T21:23:04.688Z  INFO 10856 --- [-auto-3-exec-10] u.a.c.p.i.p.s.LevelsServiceImpl          : Levels SEARCH ALL.
2024-01-22T21:23:09.864Z  INFO 10856 --- [    Test worker] o.apache.catalina.core.StandardService   : Stopping service [Tomcat]
2024-01-22T21:23:09.864Z  INFO 10856 --- [    Test worker] o.a.c.c.C.[Tomcat].[localhost].[/]       : Destroying Spring FrameworkServlet 'dispatcherServlet'
2024-01-22T21:23:09.866Z  WARN 10856 --- [    Test worker] o.a.c.loader.WebappClassLoaderBase       : The web application [ROOT] appears to have started a thread named [task-1] but has failed to stop it. This is very likely to create a memory leak. Stack trace of thread:
 java.base@17.0.6/jdk.internal.misc.Unsafe.park(Native Method)
 java.base@17.0.6/java.util.concurrent.locks.LockSupport.parkNanos(LockSupport.java:252)
 java.base@17.0.6/java.util.concurrent.locks.AbstractQueuedSynchronizer$ConditionObject.awaitNanos(AbstractQueuedSynchronizer.java:1672)
 java.base@17.0.6/java.util.concurrent.LinkedBlockingQueue.poll(LinkedBlockingQueue.java:460)
 java.base@17.0.6/java.util.concurrent.ThreadPoolExecutor.getTask(ThreadPoolExecutor.java:1061)
 java.base@17.0.6/java.util.concurrent.ThreadPoolExecutor.runWorker(ThreadPoolExecutor.java:1122)
 java.base@17.0.6/java.util.concurrent.ThreadPoolExecutor$Worker.run(ThreadPoolExecutor.java:635)
 java.base@17.0.6/java.lang.Thread.run(Thread.java:833)
2024-01-22T21:23:09.869Z  INFO 10856 --- [    Test worker] j.LocalContainerEntityManagerFactoryBean : Closing JPA EntityManagerFactory for persistence unit 'default'
2024-01-22T21:23:11.406Z  INFO 10856 --- [    Test worker] com.zaxxer.hikari.HikariDataSource       : HikariPool-12 - Shutdown initiated...
2024-01-22T21:23:11.411Z  INFO 10856 --- [    Test worker] com.zaxxer.hikari.HikariDataSource       : HikariPool-12 - Shutdown completed.
]]></system-out>
  <system-err><![CDATA[Starting ChromeDriver 120.0.6099.109 (3419140ab665596f21b385ce136419fde0924272-refs/branch-heads/6099@{#1483}) on port 4478
Only local connections are allowed.
Please see https://chromedriver.chromium.org/security-considerations for suggestions on keeping ChromeDriver safe.
ChromeDriver was started successfully.
]]></system-err>
</testsuite>
